#-----------------------------------------------------------
# Vivado v2018.3 (64-bit)
# SW Build 2405991 on Thu Dec  6 23:38:27 MST 2018
# IP Build 2404404 on Fri Dec  7 01:43:56 MST 2018
# Start of session at: Sat Apr 16 23:06:14 2022
# Process ID: 22012
# Current directory: C:/Users/Bakuboys101/Desktop/Jr_Year_Spring/ECE_1195/Lab_5/vivado/lab5
# Command line: vivado.exe -gui_launcher_event rodinguilauncherevent2668 C:\Users\Bakuboys101\Desktop\Jr_Year_Spring\ECE_1195\Lab_5\vivado\lab5\lab5.xpr
# Log file: C:/Users/Bakuboys101/Desktop/Jr_Year_Spring/ECE_1195/Lab_5/vivado/lab5/vivado.log
# Journal file: C:/Users/Bakuboys101/Desktop/Jr_Year_Spring/ECE_1195/Lab_5/vivado/lab5\vivado.jou
#-----------------------------------------------------------
start_gui
open_project C:/Users/Bakuboys101/Desktop/Jr_Year_Spring/ECE_1195/Lab_5/vivado/lab5/lab5.xpr
INFO: [Project 1-313] Project file moved from '/cryptdata/work/RCW/lab5/lab5' since last save.
Scanning sources...
Finished scanning sources
INFO: [IP_Flow 19-234] Refreshing IP repositories
INFO: [IP_Flow 19-1700] Loaded user IP repository 'c:/Users/Bakuboys101/Desktop/Jr_Year_Spring/ECE_1195/Lab_5/vivado/ip_repo'.
INFO: [IP_Flow 19-2313] Loaded Vivado IP repository 'C:/Xilinx/Vivado/2018.3/data/ip'.
update_compile_order -fileset sources_1
set_property  ip_repo_paths  {c:/Users/Bakuboys101/Desktop/Jr_Year_Spring/ECE_1195/Lab_5/vivado/ip_repo C:/Users/Bakuboys101/Desktop/Jr_Year_Spring/ECE_1195/Lab_5/Lab_5/solution1/impl/ip} [current_project]
update_ip_catalog
INFO: [IP_Flow 19-234] Refreshing IP repositories
INFO: [IP_Flow 19-1700] Loaded user IP repository 'c:/Users/Bakuboys101/Desktop/Jr_Year_Spring/ECE_1195/Lab_5/vivado/ip_repo'.
INFO: [IP_Flow 19-1700] Loaded user IP repository 'c:/Users/Bakuboys101/Desktop/Jr_Year_Spring/ECE_1195/Lab_5/Lab_5/solution1/impl/ip'.
open_bd_design {C:/Users/Bakuboys101/Desktop/Jr_Year_Spring/ECE_1195/Lab_5/vivado/lab5/lab5.srcs/sources_1/bd/system/system.bd}
Adding cell -- xilinx.com:ip:axis_data_fifo:2.0 - AXIS_DATA_FIFO
Adding cell -- xilinx.com:ip:axi_dma:7.1 - AXI_DMA
Adding cell -- xilinx.com:ip:xlconcat:2.1 - IRQ_CONCAT
Adding cell -- xilinx.com:ip:smartconnect:1.0 - PL2PS_AXI
Adding cell -- xilinx.com:ip:axi_interconnect:2.1 - PS2PL_AXI
Adding cell -- xilinx.com:ip:axi_protocol_converter:2.1 - auto_pc
Adding cell -- xilinx.com:ip:processing_system7:5.5 - PS7
Adding cell -- xilinx.com:ip:proc_sys_reset:5.0 - PSR
Successfully read diagram <system> from BD file <C:/Users/Bakuboys101/Desktop/Jr_Year_Spring/ECE_1195/Lab_5/vivado/lab5/lab5.srcs/sources_1/bd/system/system.bd>
open_bd_design: Time (s): cpu = 00:00:06 ; elapsed = 00:00:05 . Memory (MB): peak = 862.539 ; gain = 76.688
startgroup
create_bd_cell -type ip -vlnv xilinx.com:hls:hw_conv:1.0 hw_conv_0
endgroup
set_property location {2 385 -122} [get_bd_cells hw_conv_0]
delete_bd_objs [get_bd_intf_nets ACCEL_M_AXIS] [get_bd_intf_nets S_AXIS_1] [get_bd_nets processing_system7_0_FCLK_CLK0] [get_bd_nets rst_ps7_0_100M_peripheral_aresetn] [get_bd_cells ACCEL]
set_property location {1 404 116} [get_bd_cells hw_conv_0]
connect_bd_intf_net -boundary_type upper [get_bd_intf_pins SYSTEM/S_AXIS] [get_bd_intf_pins hw_conv_0/sout]
connect_bd_intf_net [get_bd_intf_pins hw_conv_0/sin] -boundary_type upper [get_bd_intf_pins SYSTEM/M_AXIS_MM2S]
connect_bd_net [get_bd_pins hw_conv_0/ap_clk] [get_bd_pins SYSTEM/M_AXIS_ACLK]
connect_bd_net [get_bd_pins hw_conv_0/ap_rst_n] [get_bd_pins SYSTEM/M_AXIS_ARESETN]
set_property location {1 452 121} [get_bd_cells hw_conv_0]
make_wrapper -files [get_files C:/Users/Bakuboys101/Desktop/Jr_Year_Spring/ECE_1195/Lab_5/vivado/lab5/lab5.srcs/sources_1/bd/system/system.bd] -top
WARNING: [BD 41-702] Propagation TCL tries to overwrite USER strength parameter C_M_AXI_S2MM_DATA_WIDTH(64) on '/SYSTEM/AXI_DMA' with propagated value(32). Command ignored
WARNING: [BD 41-1284] Cannot set parameter SUGGESTED_PRIORITY on port /SYSTEM/PS7/IRQ_F2P
WARNING: [BD 41-1284] Cannot set parameter SUGGESTED_PRIORITY on port /SYSTEM/PS7/IRQ_F2P
WARNING: [BD 41-702] Propagation TCL tries to overwrite USER strength parameter C_M_AXI_S2MM_DATA_WIDTH(64) on '/SYSTEM/AXI_DMA' with propagated value(32). Command ignored
WARNING: [BD 41-1284] Cannot set parameter SUGGESTED_PRIORITY on port /SYSTEM/PS7/IRQ_F2P
WARNING: [BD 41-1284] Cannot set parameter SUGGESTED_PRIORITY on port /SYSTEM/PS7/IRQ_F2P
WARNING: [BD 41-702] Propagation TCL tries to overwrite USER strength parameter C_M_AXI_S2MM_DATA_WIDTH(64) on '/SYSTEM/AXI_DMA' with propagated value(32). Command ignored
WARNING: [BD 41-1284] Cannot set parameter SUGGESTED_PRIORITY on port /SYSTEM/PS7/IRQ_F2P
WARNING: [BD 41-1284] Cannot set parameter SUGGESTED_PRIORITY on port /SYSTEM/PS7/IRQ_F2P
WARNING: [BD 41-702] Propagation TCL tries to overwrite USER strength parameter C_M_AXI_S2MM_DATA_WIDTH(64) on '/SYSTEM/AXI_DMA' with propagated value(32). Command ignored
WARNING: [BD 41-1284] Cannot set parameter SUGGESTED_PRIORITY on port /SYSTEM/PS7/IRQ_F2P
WARNING: [BD 41-1284] Cannot set parameter SUGGESTED_PRIORITY on port /SYSTEM/PS7/IRQ_F2P
WARNING: [BD 41-702] Propagation TCL tries to overwrite USER strength parameter C_M_AXI_S2MM_DATA_WIDTH(64) on '/SYSTEM/AXI_DMA' with propagated value(32). Command ignored
WARNING: [BD 41-1284] Cannot set parameter SUGGESTED_PRIORITY on port /SYSTEM/PS7/IRQ_F2P
WARNING: [BD 41-1284] Cannot set parameter SUGGESTED_PRIORITY on port /SYSTEM/PS7/IRQ_F2P
WARNING: [BD 41-702] Propagation TCL tries to overwrite USER strength parameter C_M_AXI_S2MM_DATA_WIDTH(64) on '/SYSTEM/AXI_DMA' with propagated value(32). Command ignored
WARNING: [BD 41-1284] Cannot set parameter SUGGESTED_PRIORITY on port /SYSTEM/PS7/IRQ_F2P
WARNING: [BD 41-1284] Cannot set parameter SUGGESTED_PRIORITY on port /SYSTEM/PS7/IRQ_F2P
WARNING: [BD 41-702] Propagation TCL tries to overwrite USER strength parameter C_M_AXI_S2MM_DATA_WIDTH(64) on '/SYSTEM/AXI_DMA' with propagated value(32). Command ignored
WARNING: [BD 41-1284] Cannot set parameter SUGGESTED_PRIORITY on port /SYSTEM/PS7/IRQ_F2P
WARNING: [BD 41-1284] Cannot set parameter SUGGESTED_PRIORITY on port /SYSTEM/PS7/IRQ_F2P
WARNING: [BD 41-702] Propagation TCL tries to overwrite USER strength parameter C_M_AXI_S2MM_DATA_WIDTH(64) on '/SYSTEM/AXI_DMA' with propagated value(32). Command ignored
INFO: [Ipptcl 7-1463] No Compatible Board Interface found. Board Tab not created in customize GUI
WARNING: [BD 41-1284] Cannot set parameter SUGGESTED_PRIORITY on port /SYSTEM/PS7/IRQ_F2P
WARNING: [BD 41-1284] Cannot set parameter SUGGESTED_PRIORITY on port /SYSTEM/PS7/IRQ_F2P
WARNING: [BD 41-702] Propagation TCL tries to overwrite USER strength parameter C_M_AXI_S2MM_DATA_WIDTH(64) on '/SYSTEM/AXI_DMA' with propagated value(32). Command ignored
WARNING: [BD 41-1284] Cannot set parameter SUGGESTED_PRIORITY on port /SYSTEM/PS7/IRQ_F2P
WARNING: [BD 41-1284] Cannot set parameter SUGGESTED_PRIORITY on port /SYSTEM/PS7/IRQ_F2P
WARNING: [BD 41-702] Propagation TCL tries to overwrite USER strength parameter C_M_AXI_S2MM_DATA_WIDTH(64) on '/SYSTEM/AXI_DMA' with propagated value(32). Command ignored
WARNING: [BD 41-1284] Cannot set parameter SUGGESTED_PRIORITY on port /SYSTEM/PS7/IRQ_F2P
WARNING: [BD 41-1284] Cannot set parameter SUGGESTED_PRIORITY on port /SYSTEM/PS7/IRQ_F2P
WARNING: [BD 41-702] Propagation TCL tries to overwrite USER strength parameter C_M_AXI_S2MM_DATA_WIDTH(64) on '/SYSTEM/AXI_DMA' with propagated value(32). Command ignored
Wrote  : <C:\Users\Bakuboys101\Desktop\Jr_Year_Spring\ECE_1195\Lab_5\vivado\lab5\lab5.srcs\sources_1\bd\system\system.bd> 
Wrote  : <C:/Users/Bakuboys101/Desktop/Jr_Year_Spring/ECE_1195/Lab_5/vivado/lab5/lab5.srcs/sources_1/bd/system/ui/bd_a4bfee5e.ui> 
VHDL Output written to : C:/Users/Bakuboys101/Desktop/Jr_Year_Spring/ECE_1195/Lab_5/vivado/lab5/lab5.srcs/sources_1/bd/system/synth/system.vhd
VHDL Output written to : C:/Users/Bakuboys101/Desktop/Jr_Year_Spring/ECE_1195/Lab_5/vivado/lab5/lab5.srcs/sources_1/bd/system/sim/system.vhd
VHDL Output written to : C:/Users/Bakuboys101/Desktop/Jr_Year_Spring/ECE_1195/Lab_5/vivado/lab5/lab5.srcs/sources_1/bd/system/hdl/system_wrapper.vhd
make_wrapper: Time (s): cpu = 00:00:04 ; elapsed = 00:00:05 . Memory (MB): peak = 1022.176 ; gain = 120.191
add_files -norecurse C:/Users/Bakuboys101/Desktop/Jr_Year_Spring/ECE_1195/Lab_5/vivado/lab5/lab5.srcs/sources_1/bd/system/hdl/system_wrapper.vhd
launch_runs impl_1 -to_step write_bitstream -jobs 12
INFO: [BD 41-1662] The design 'system.bd' is already validated. Therefore parameter propagation will not be re-run.
VHDL Output written to : C:/Users/Bakuboys101/Desktop/Jr_Year_Spring/ECE_1195/Lab_5/vivado/lab5/lab5.srcs/sources_1/bd/system/synth/system.vhd
VHDL Output written to : C:/Users/Bakuboys101/Desktop/Jr_Year_Spring/ECE_1195/Lab_5/vivado/lab5/lab5.srcs/sources_1/bd/system/sim/system.vhd
VHDL Output written to : C:/Users/Bakuboys101/Desktop/Jr_Year_Spring/ECE_1195/Lab_5/vivado/lab5/lab5.srcs/sources_1/bd/system/hdl/system_wrapper.vhd
INFO: [BD 41-1029] Generation completed for the IP Integrator block SYSTEM/AXI_DMA .
INFO: [BD 41-1029] Generation completed for the IP Integrator block SYSTEM/IRQ_CONCAT .
Exporting to file c:/Users/Bakuboys101/Desktop/Jr_Year_Spring/ECE_1195/Lab_5/vivado/lab5/lab5.srcs/sources_1/bd/system/ip/system_PL2PS_AXI_0/bd_0/hw_handoff/system_PL2PS_AXI_0.hwh
Generated Block Design Tcl file c:/Users/Bakuboys101/Desktop/Jr_Year_Spring/ECE_1195/Lab_5/vivado/lab5/lab5.srcs/sources_1/bd/system/ip/system_PL2PS_AXI_0/bd_0/hw_handoff/system_PL2PS_AXI_0_bd.tcl
Generated Hardware Definition File c:/Users/Bakuboys101/Desktop/Jr_Year_Spring/ECE_1195/Lab_5/vivado/lab5/lab5.srcs/sources_1/bd/system/ip/system_PL2PS_AXI_0/bd_0/synth/system_PL2PS_AXI_0.hwdef
INFO: [BD 41-1029] Generation completed for the IP Integrator block SYSTEM/PL2PS_AXI .
INFO: [BD 41-1029] Generation completed for the IP Integrator block SYSTEM/PS7 .
INFO: [BD 41-1029] Generation completed for the IP Integrator block SYSTEM/PSR .
WARNING: [IP_Flow 19-4994] Overwriting existing constraint file 'c:/Users/Bakuboys101/Desktop/Jr_Year_Spring/ECE_1195/Lab_5/vivado/lab5/lab5.srcs/sources_1/bd/system/ip/system_auto_pc_0/system_auto_pc_0_ooc.xdc'
INFO: [BD 41-1029] Generation completed for the IP Integrator block SYSTEM/PS2PL_AXI/s00_couplers/auto_pc .
INFO: [BD 41-1029] Generation completed for the IP Integrator block hw_conv_0 .
Exporting to file C:/Users/Bakuboys101/Desktop/Jr_Year_Spring/ECE_1195/Lab_5/vivado/lab5/lab5.srcs/sources_1/bd/system/hw_handoff/system.hwh
Generated Block Design Tcl file C:/Users/Bakuboys101/Desktop/Jr_Year_Spring/ECE_1195/Lab_5/vivado/lab5/lab5.srcs/sources_1/bd/system/hw_handoff/system_bd.tcl
Generated Hardware Definition File C:/Users/Bakuboys101/Desktop/Jr_Year_Spring/ECE_1195/Lab_5/vivado/lab5/lab5.srcs/sources_1/bd/system/synth/system.hwdef
[Sat Apr 16 23:08:14 2022] Launched system_AXI_DMA_0_synth_1, system_PS7_0_synth_1, system_PSR_0_synth_1, system_PL2PS_AXI_0_synth_1, system_hw_conv_0_0_synth_1, system_auto_pc_0_synth_1, synth_1...
Run output will be captured here:
system_AXI_DMA_0_synth_1: C:/Users/Bakuboys101/Desktop/Jr_Year_Spring/ECE_1195/Lab_5/vivado/lab5/lab5.runs/system_AXI_DMA_0_synth_1/runme.log
system_PS7_0_synth_1: C:/Users/Bakuboys101/Desktop/Jr_Year_Spring/ECE_1195/Lab_5/vivado/lab5/lab5.runs/system_PS7_0_synth_1/runme.log
system_PSR_0_synth_1: C:/Users/Bakuboys101/Desktop/Jr_Year_Spring/ECE_1195/Lab_5/vivado/lab5/lab5.runs/system_PSR_0_synth_1/runme.log
system_PL2PS_AXI_0_synth_1: C:/Users/Bakuboys101/Desktop/Jr_Year_Spring/ECE_1195/Lab_5/vivado/lab5/lab5.runs/system_PL2PS_AXI_0_synth_1/runme.log
system_hw_conv_0_0_synth_1: C:/Users/Bakuboys101/Desktop/Jr_Year_Spring/ECE_1195/Lab_5/vivado/lab5/lab5.runs/system_hw_conv_0_0_synth_1/runme.log
system_auto_pc_0_synth_1: C:/Users/Bakuboys101/Desktop/Jr_Year_Spring/ECE_1195/Lab_5/vivado/lab5/lab5.runs/system_auto_pc_0_synth_1/runme.log
synth_1: C:/Users/Bakuboys101/Desktop/Jr_Year_Spring/ECE_1195/Lab_5/vivado/lab5/lab5.runs/synth_1/runme.log
[Sat Apr 16 23:08:14 2022] Launched impl_1...
Run output will be captured here: C:/Users/Bakuboys101/Desktop/Jr_Year_Spring/ECE_1195/Lab_5/vivado/lab5/lab5.runs/impl_1/runme.log
launch_runs: Time (s): cpu = 00:00:17 ; elapsed = 00:00:21 . Memory (MB): peak = 1210.406 ; gain = 174.895
reset_run synth_1
launch_runs impl_1 -to_step write_bitstream -jobs 12
[Sat Apr 16 23:10:28 2022] Launched system_AXI_DMA_0_synth_1, system_hw_conv_0_0_synth_1, synth_1...
Run output will be captured here:
system_AXI_DMA_0_synth_1: C:/Users/Bakuboys101/Desktop/Jr_Year_Spring/ECE_1195/Lab_5/vivado/lab5/lab5.runs/system_AXI_DMA_0_synth_1/runme.log
system_hw_conv_0_0_synth_1: C:/Users/Bakuboys101/Desktop/Jr_Year_Spring/ECE_1195/Lab_5/vivado/lab5/lab5.runs/system_hw_conv_0_0_synth_1/runme.log
synth_1: C:/Users/Bakuboys101/Desktop/Jr_Year_Spring/ECE_1195/Lab_5/vivado/lab5/lab5.runs/synth_1/runme.log
[Sat Apr 16 23:10:28 2022] Launched impl_1...
Run output will be captured here: C:/Users/Bakuboys101/Desktop/Jr_Year_Spring/ECE_1195/Lab_5/vivado/lab5/lab5.runs/impl_1/runme.log
open_run impl_1
INFO: [Netlist 29-17] Analyzing 339 Unisim elements for replacement
INFO: [Netlist 29-28] Unisim Transformation completed in 0 CPU seconds
INFO: [Project 1-479] Netlist was created with Vivado 2018.3
INFO: [Device 21-403] Loading part xc7z020clg400-1
INFO: [Project 1-570] Preparing netlist for logic optimization
INFO: [Timing 38-478] Restoring timing data from binary archive.
INFO: [Timing 38-479] Binary timing data restore complete.
INFO: [Project 1-856] Restoring constraints from binary archive.
INFO: [Project 1-853] Binary constraint restore complete.
Reading XDEF placement.
Reading placer database...
Reading XDEF routing.
Read XDEF File: Time (s): cpu = 00:00:02 ; elapsed = 00:00:01 . Memory (MB): peak = 2197.227 ; gain = 11.941
Restored from archive | CPU: 2.000000 secs | Memory: 0.000000 MB |
Finished XDEF File Restore: Time (s): cpu = 00:00:02 ; elapsed = 00:00:01 . Memory (MB): peak = 2197.227 ; gain = 11.941
Netlist sorting complete. Time (s): cpu = 00:00:00 ; elapsed = 00:00:00.007 . Memory (MB): peak = 2197.227 ; gain = 0.000
INFO: [Project 1-111] Unisim Transformation Summary:
  A total of 54 instances were transformed.
  RAM32M => RAM32M (RAMD32, RAMD32, RAMD32, RAMD32, RAMD32, RAMD32, RAMS32, RAMS32): 54 instances

WARNING: [Designutils 20-3303] unexpected site type 'IOPAD' in HDPYFinalizeIO
WARNING: [Designutils 20-3303] unexpected site type 'IOPAD' in HDPYFinalizeIO
WARNING: [Designutils 20-3303] unexpected site type 'IOPAD' in HDPYFinalizeIO
WARNING: [Designutils 20-3303] unexpected site type 'IOPAD' in HDPYFinalizeIO
WARNING: [Designutils 20-3303] unexpected site type 'IOPAD' in HDPYFinalizeIO
WARNING: [Designutils 20-3303] unexpected site type 'IOPAD' in HDPYFinalizeIO
WARNING: [Designutils 20-3303] unexpected site type 'IOPAD' in HDPYFinalizeIO
WARNING: [Designutils 20-3303] unexpected site type 'IOPAD' in HDPYFinalizeIO
WARNING: [Designutils 20-3303] unexpected site type 'IOPAD' in HDPYFinalizeIO
WARNING: [Designutils 20-3303] unexpected site type 'IOPAD' in HDPYFinalizeIO
WARNING: [Designutils 20-3303] unexpected site type 'IOPAD' in HDPYFinalizeIO
WARNING: [Designutils 20-3303] unexpected site type 'IOPAD' in HDPYFinalizeIO
WARNING: [Designutils 20-3303] unexpected site type 'IOPAD' in HDPYFinalizeIO
WARNING: [Designutils 20-3303] unexpected site type 'IOPAD' in HDPYFinalizeIO
WARNING: [Designutils 20-3303] unexpected site type 'IOPAD' in HDPYFinalizeIO
WARNING: [Designutils 20-3303] unexpected site type 'IOPAD' in HDPYFinalizeIO
WARNING: [Designutils 20-3303] unexpected site type 'IOPAD' in HDPYFinalizeIO
WARNING: [Designutils 20-3303] unexpected site type 'IOPAD' in HDPYFinalizeIO
WARNING: [Designutils 20-3303] unexpected site type 'IOPAD' in HDPYFinalizeIO
WARNING: [Designutils 20-3303] unexpected site type 'IOPAD' in HDPYFinalizeIO
WARNING: [Designutils 20-3303] unexpected site type 'IOPAD' in HDPYFinalizeIO
WARNING: [Designutils 20-3303] unexpected site type 'IOPAD' in HDPYFinalizeIO
WARNING: [Designutils 20-3303] unexpected site type 'IOPAD' in HDPYFinalizeIO
WARNING: [Designutils 20-3303] unexpected site type 'IOPAD' in HDPYFinalizeIO
WARNING: [Designutils 20-3303] unexpected site type 'IOPAD' in HDPYFinalizeIO
WARNING: [Designutils 20-3303] unexpected site type 'IOPAD' in HDPYFinalizeIO
WARNING: [Designutils 20-3303] unexpected site type 'IOPAD' in HDPYFinalizeIO
WARNING: [Designutils 20-3303] unexpected site type 'IOPAD' in HDPYFinalizeIO
WARNING: [Designutils 20-3303] unexpected site type 'IOPAD' in HDPYFinalizeIO
WARNING: [Designutils 20-3303] unexpected site type 'IOPAD' in HDPYFinalizeIO
WARNING: [Designutils 20-3303] unexpected site type 'IOPAD' in HDPYFinalizeIO
WARNING: [Designutils 20-3303] unexpected site type 'IOPAD' in HDPYFinalizeIO
WARNING: [Designutils 20-3303] unexpected site type 'IOPAD' in HDPYFinalizeIO
WARNING: [Designutils 20-3303] unexpected site type 'IOPAD' in HDPYFinalizeIO
WARNING: [Designutils 20-3303] unexpected site type 'IOPAD' in HDPYFinalizeIO
WARNING: [Designutils 20-3303] unexpected site type 'IOPAD' in HDPYFinalizeIO
WARNING: [Designutils 20-3303] unexpected site type 'IOPAD' in HDPYFinalizeIO
WARNING: [Designutils 20-3303] unexpected site type 'IOPAD' in HDPYFinalizeIO
WARNING: [Designutils 20-3303] unexpected site type 'IOPAD' in HDPYFinalizeIO
WARNING: [Designutils 20-3303] unexpected site type 'IOPAD' in HDPYFinalizeIO
WARNING: [Designutils 20-3303] unexpected site type 'IOPAD' in HDPYFinalizeIO
WARNING: [Designutils 20-3303] unexpected site type 'IOPAD' in HDPYFinalizeIO
WARNING: [Designutils 20-3303] unexpected site type 'IOPAD' in HDPYFinalizeIO
WARNING: [Designutils 20-3303] unexpected site type 'IOPAD' in HDPYFinalizeIO
WARNING: [Designutils 20-3303] unexpected site type 'IOPAD' in HDPYFinalizeIO
WARNING: [Designutils 20-3303] unexpected site type 'IOPAD' in HDPYFinalizeIO
WARNING: [Designutils 20-3303] unexpected site type 'IOPAD' in HDPYFinalizeIO
WARNING: [Designutils 20-3303] unexpected site type 'IOPAD' in HDPYFinalizeIO
WARNING: [Designutils 20-3303] unexpected site type 'IOPAD' in HDPYFinalizeIO
WARNING: [Designutils 20-3303] unexpected site type 'IOPAD' in HDPYFinalizeIO
WARNING: [Designutils 20-3303] unexpected site type 'IOPAD' in HDPYFinalizeIO
WARNING: [Designutils 20-3303] unexpected site type 'IOPAD' in HDPYFinalizeIO
WARNING: [Designutils 20-3303] unexpected site type 'IOPAD' in HDPYFinalizeIO
WARNING: [Designutils 20-3303] unexpected site type 'IOPAD' in HDPYFinalizeIO
WARNING: [Designutils 20-3303] unexpected site type 'IOPAD' in HDPYFinalizeIO
WARNING: [Designutils 20-3303] unexpected site type 'IOPAD' in HDPYFinalizeIO
WARNING: [Designutils 20-3303] unexpected site type 'IOPAD' in HDPYFinalizeIO
WARNING: [Designutils 20-3303] unexpected site type 'IOPAD' in HDPYFinalizeIO
WARNING: [Designutils 20-3303] unexpected site type 'IOPAD' in HDPYFinalizeIO
WARNING: [Designutils 20-3303] unexpected site type 'IOPAD' in HDPYFinalizeIO
WARNING: [Designutils 20-3303] unexpected site type 'IOPAD' in HDPYFinalizeIO
WARNING: [Designutils 20-3303] unexpected site type 'IOPAD' in HDPYFinalizeIO
WARNING: [Designutils 20-3303] unexpected site type 'IOPAD' in HDPYFinalizeIO
WARNING: [Designutils 20-3303] unexpected site type 'IOPAD' in HDPYFinalizeIO
WARNING: [Designutils 20-3303] unexpected site type 'IOPAD' in HDPYFinalizeIO
WARNING: [Designutils 20-3303] unexpected site type 'IOPAD' in HDPYFinalizeIO
WARNING: [Designutils 20-3303] unexpected site type 'IOPAD' in HDPYFinalizeIO
WARNING: [Designutils 20-3303] unexpected site type 'IOPAD' in HDPYFinalizeIO
WARNING: [Designutils 20-3303] unexpected site type 'IOPAD' in HDPYFinalizeIO
WARNING: [Designutils 20-3303] unexpected site type 'IOPAD' in HDPYFinalizeIO
WARNING: [Designutils 20-3303] unexpected site type 'IOPAD' in HDPYFinalizeIO
WARNING: [Designutils 20-3303] unexpected site type 'IOPAD' in HDPYFinalizeIO
WARNING: [Designutils 20-3303] unexpected site type 'IOPAD' in HDPYFinalizeIO
WARNING: [Designutils 20-3303] unexpected site type 'IOPAD' in HDPYFinalizeIO
WARNING: [Designutils 20-3303] unexpected site type 'IOPAD' in HDPYFinalizeIO
WARNING: [Designutils 20-3303] unexpected site type 'IOPAD' in HDPYFinalizeIO
WARNING: [Designutils 20-3303] unexpected site type 'IOPAD' in HDPYFinalizeIO
WARNING: [Designutils 20-3303] unexpected site type 'IOPAD' in HDPYFinalizeIO
WARNING: [Designutils 20-3303] unexpected site type 'IOPAD' in HDPYFinalizeIO
WARNING: [Designutils 20-3303] unexpected site type 'IOPAD' in HDPYFinalizeIO
WARNING: [Designutils 20-3303] unexpected site type 'IOPAD' in HDPYFinalizeIO
WARNING: [Designutils 20-3303] unexpected site type 'IOPAD' in HDPYFinalizeIO
WARNING: [Designutils 20-3303] unexpected site type 'IOPAD' in HDPYFinalizeIO
WARNING: [Designutils 20-3303] unexpected site type 'IOPAD' in HDPYFinalizeIO
WARNING: [Designutils 20-3303] unexpected site type 'IOPAD' in HDPYFinalizeIO
WARNING: [Designutils 20-3303] unexpected site type 'IOPAD' in HDPYFinalizeIO
WARNING: [Designutils 20-3303] unexpected site type 'IOPAD' in HDPYFinalizeIO
WARNING: [Designutils 20-3303] unexpected site type 'IOPAD' in HDPYFinalizeIO
WARNING: [Designutils 20-3303] unexpected site type 'IOPAD' in HDPYFinalizeIO
WARNING: [Designutils 20-3303] unexpected site type 'IOPAD' in HDPYFinalizeIO
WARNING: [Designutils 20-3303] unexpected site type 'IOPAD' in HDPYFinalizeIO
WARNING: [Designutils 20-3303] unexpected site type 'IOPAD' in HDPYFinalizeIO
WARNING: [Designutils 20-3303] unexpected site type 'IOPAD' in HDPYFinalizeIO
WARNING: [Designutils 20-3303] unexpected site type 'IOPAD' in HDPYFinalizeIO
WARNING: [Designutils 20-3303] unexpected site type 'IOPAD' in HDPYFinalizeIO
WARNING: [Designutils 20-3303] unexpected site type 'IOPAD' in HDPYFinalizeIO
WARNING: [Designutils 20-3303] unexpected site type 'IOPAD' in HDPYFinalizeIO
WARNING: [Designutils 20-3303] unexpected site type 'IOPAD' in HDPYFinalizeIO
WARNING: [Designutils 20-3303] unexpected site type 'IOPAD' in HDPYFinalizeIO
WARNING: [Designutils 20-3303] unexpected site type 'IOPAD' in HDPYFinalizeIO
INFO: [Common 17-14] Message 'Designutils 20-3303' appears 100 times and further instances of the messages will be disabled. Use the Tcl command set_msg_config to change the current settings.
open_run: Time (s): cpu = 00:00:21 ; elapsed = 00:00:17 . Memory (MB): peak = 2357.926 ; gain = 1113.160
CRITICAL WARNING: [Timing 38-282] The design failed to meet the timing requirements. Please see the timing summary report for details on the timing violations.
exit
INFO: [Common 17-206] Exiting Vivado at Sun Apr 17 02:51:16 2022...
