#-----------------------------------------------------------
# Vivado v2018.3 (64-bit)
# SW Build 2405991 on Thu Dec  6 23:38:27 MST 2018
# IP Build 2404404 on Fri Dec  7 01:43:56 MST 2018
# Start of session at: Sun Apr  3 23:04:15 2022
# Process ID: 4380
# Current directory: C:/Users/Bakuboys101/Desktop/Jr_Year_Spring/ECE_1195/Lab_4_Redux
# Command line: vivado.exe -gui_launcher_event rodinguilauncherevent30492 C:\Users\Bakuboys101\Desktop\Jr_Year_Spring\ECE_1195\Lab_4_Redux\Lab4_Redux.xpr
# Log file: C:/Users/Bakuboys101/Desktop/Jr_Year_Spring/ECE_1195/Lab_4_Redux/vivado.log
# Journal file: C:/Users/Bakuboys101/Desktop/Jr_Year_Spring/ECE_1195/Lab_4_Redux\vivado.jou
#-----------------------------------------------------------
start_gui
open_project C:/Users/Bakuboys101/Desktop/Jr_Year_Spring/ECE_1195/Lab_4_Redux/Lab4_Redux.xpr
CRITICAL WARNING: [Project 1-19] Could not find the file 'C:/Users/Bakuboys101/Desktop/Jr_Year_Spring/ECE_1195/Lab_4_Redux/I_Register.vhd'.
CRITICAL WARNING: [Project 1-19] Could not find the file 'C:/Users/Bakuboys101/Desktop/Jr_Year_Spring/ECE_1195/Lab_4_Redux/L4_Alu.vhd'.
CRITICAL WARNING: [Project 1-19] Could not find the file 'C:/Users/Bakuboys101/Desktop/Jr_Year_Spring/ECE_1195/Lab_4_Redux/L4_AluCtrl.vhd'.
CRITICAL WARNING: [Project 1-19] Could not find the file 'C:/Users/Bakuboys101/Desktop/Jr_Year_Spring/ECE_1195/Lab_4_Redux/L4_Concatenator.vhd'.
CRITICAL WARNING: [Project 1-19] Could not find the file 'C:/Users/Bakuboys101/Desktop/Jr_Year_Spring/ECE_1195/Lab_4_Redux/L4_CtrlUnit.vhd'.
CRITICAL WARNING: [Project 1-19] Could not find the file 'C:/Users/Bakuboys101/Desktop/Jr_Year_Spring/ECE_1195/Lab_4_Redux/L4_InstrReg.vhd'.
CRITICAL WARNING: [Project 1-19] Could not find the file 'C:/Users/Bakuboys101/Desktop/Jr_Year_Spring/ECE_1195/Lab_4_Redux/L4_LeadingOnesCounter.vhd'.
CRITICAL WARNING: [Project 1-19] Could not find the file 'C:/Users/Bakuboys101/Desktop/Jr_Year_Spring/ECE_1195/Lab_4_Redux/L4_LeftShifter.vhd'.
CRITICAL WARNING: [Project 1-19] Could not find the file 'C:/Users/Bakuboys101/Desktop/Jr_Year_Spring/ECE_1195/Lab_4_Redux/L4_Milestone.vhd'.
CRITICAL WARNING: [Project 1-19] Could not find the file 'C:/Users/Bakuboys101/Desktop/Jr_Year_Spring/ECE_1195/Lab_4_Redux/L4_Multiplexier.vhd'.
CRITICAL WARNING: [Project 1-19] Could not find the file 'C:/Users/Bakuboys101/Desktop/Jr_Year_Spring/ECE_1195/Lab_4_Redux/L4_Multiplier.vhd'.
CRITICAL WARNING: [Project 1-19] Could not find the file 'C:/Users/Bakuboys101/Desktop/Jr_Year_Spring/ECE_1195/Lab_4_Redux/L4_Registers.vhd'.
CRITICAL WARNING: [Project 1-19] Could not find the file 'C:/Users/Bakuboys101/Desktop/Jr_Year_Spring/ECE_1195/Lab_4_Redux/L4_SignExtender.vhd'.
Scanning sources...
Finished scanning sources
INFO: [IP_Flow 19-234] Refreshing IP repositories
INFO: [IP_Flow 19-1704] No user IP repositories specified
INFO: [IP_Flow 19-2313] Loaded Vivado IP repository 'C:/Xilinx/Vivado/2018.3/data/ip'.
update_compile_order -fileset sources_1
exit
INFO: [Common 17-206] Exiting Vivado at Sun Apr  3 23:04:44 2022...
