23:42:13 INFO  : Registering command handlers for SDK TCF services
23:42:14 INFO  : Launching XSCT server: xsct.bat -interactive C:\Users\Bakuboys101\Desktop\Jr_Year_Spring\ECE_1195\Lab_3\Lab_3.sdk\temp_xsdb_launch_script.tcl
23:42:16 INFO  : XSCT server has started successfully.
23:42:17 INFO  : Successfully done setting XSCT server connection channel  
23:42:17 INFO  : Successfully done setting SDK workspace  
23:42:17 INFO  : Processing command line option -hwspec C:/Users/Bakuboys101/Desktop/Jr_Year_Spring/ECE_1195/Lab_3/Lab_3.sdk/design_1_wrapper.hdf.
00:07:45 INFO  : 'targets -set -filter {jtag_cable_name =~ "Xilinx PYNQ-Z1 003017A8B9E3A" && level==0} -index 1' command is executed.
00:07:45 INFO  : 'fpga -state' command is executed.
00:07:47 INFO  : Memory regions updated for context APU
00:08:40 INFO  : Connected to target on host '127.0.0.1' and port '3121'.
00:08:40 INFO  : Jtag cable 'Xilinx PYNQ-Z1 003017A8B9E3A' is selected.
00:08:40 INFO  : 'jtag frequency' command is executed.
00:08:40 INFO  : Sourcing of 'C:/Users/Bakuboys101/Desktop/Jr_Year_Spring/ECE_1195/Lab_3/Lab_3.sdk/design_1_wrapper_hw_platform_0/ps7_init.tcl' is done.
00:08:40 INFO  : 'targets -set -filter {jtag_cable_name =~ "Xilinx PYNQ-Z1 003017A8B9E3A" && level==0} -index 1' command is executed.
00:08:42 INFO  : FPGA configured successfully with bitstream "C:/Users/Bakuboys101/Desktop/Jr_Year_Spring/ECE_1195/Lab_3/Lab_3.sdk/design_1_wrapper_hw_platform_0/design_1_wrapper.bit"
00:08:42 INFO  : Context for 'APU' is selected.
00:08:42 INFO  : Hardware design information is loaded from 'C:/Users/Bakuboys101/Desktop/Jr_Year_Spring/ECE_1195/Lab_3/Lab_3.sdk/design_1_wrapper_hw_platform_0/system.hdf'.
00:08:42 INFO  : 'configparams force-mem-access 1' command is executed.
00:08:42 INFO  : Context for 'APU' is selected.
00:08:42 INFO  : 'stop' command is executed.
00:08:42 INFO  : 'ps7_init' command is executed.
00:08:42 INFO  : 'ps7_post_config' command is executed.
00:08:42 INFO  : Context for processor 'ps7_cortexa9_0' is selected.
00:08:43 INFO  : Processor reset is completed for 'ps7_cortexa9_0'.
00:08:43 INFO  : Context for processor 'ps7_cortexa9_0' is selected.
00:08:43 INFO  : The application 'C:/Users/Bakuboys101/Desktop/Jr_Year_Spring/ECE_1195/Lab_3/Lab_3.sdk/Multiplier/Debug/Multiplier.elf' is downloaded to processor 'ps7_cortexa9_0'.
00:08:43 INFO  : 'configparams force-mem-access 0' command is executed.
00:08:43 INFO  : ----------------XSDB Script----------------
connect -url tcp:127.0.0.1:3121
source C:/Users/Bakuboys101/Desktop/Jr_Year_Spring/ECE_1195/Lab_3/Lab_3.sdk/design_1_wrapper_hw_platform_0/ps7_init.tcl
targets -set -filter {jtag_cable_name =~ "Xilinx PYNQ-Z1 003017A8B9E3A" && level==0} -index 1
fpga -file C:/Users/Bakuboys101/Desktop/Jr_Year_Spring/ECE_1195/Lab_3/Lab_3.sdk/design_1_wrapper_hw_platform_0/design_1_wrapper.bit
targets -set -nocase -filter {name =~"APU*" && jtag_cable_name =~ "Xilinx PYNQ-Z1 003017A8B9E3A"} -index 0
loadhw -hw C:/Users/Bakuboys101/Desktop/Jr_Year_Spring/ECE_1195/Lab_3/Lab_3.sdk/design_1_wrapper_hw_platform_0/system.hdf -mem-ranges [list {0x40000000 0xbfffffff}]
configparams force-mem-access 1
targets -set -nocase -filter {name =~"APU*" && jtag_cable_name =~ "Xilinx PYNQ-Z1 003017A8B9E3A"} -index 0
stop
ps7_init
ps7_post_config
targets -set -nocase -filter {name =~ "ARM*#0" && jtag_cable_name =~ "Xilinx PYNQ-Z1 003017A8B9E3A"} -index 0
rst -processor
targets -set -nocase -filter {name =~ "ARM*#0" && jtag_cable_name =~ "Xilinx PYNQ-Z1 003017A8B9E3A"} -index 0
dow C:/Users/Bakuboys101/Desktop/Jr_Year_Spring/ECE_1195/Lab_3/Lab_3.sdk/Multiplier/Debug/Multiplier.elf
configparams force-mem-access 0
----------------End of Script----------------

00:08:43 INFO  : Memory regions updated for context APU
00:08:43 INFO  : Context for processor 'ps7_cortexa9_0' is selected.
00:08:43 INFO  : 'con' command is executed.
00:08:43 INFO  : ----------------XSDB Script (After Launch)----------------
targets -set -nocase -filter {name =~ "ARM*#0" && jtag_cable_name =~ "Xilinx PYNQ-Z1 003017A8B9E3A"} -index 0
con
----------------End of Script----------------

00:08:43 INFO  : Launch script is exported to file 'C:\Users\Bakuboys101\Desktop\Jr_Year_Spring\ECE_1195\Lab_3\Lab_3.sdk\.sdk\launch_scripts\xilinx_c-c++_application_(system_debugger)\system_debugger_using_debug_multiplier.elf_on_local.tcl'
00:16:43 INFO  : Disconnected from the channel tcfchan#1.
00:16:44 INFO  : Connected to target on host '127.0.0.1' and port '3121'.
00:16:44 INFO  : Jtag cable 'Xilinx PYNQ-Z1 003017A8B9E3A' is selected.
00:16:44 INFO  : 'jtag frequency' command is executed.
00:16:44 INFO  : Sourcing of 'C:/Users/Bakuboys101/Desktop/Jr_Year_Spring/ECE_1195/Lab_3/Lab_3.sdk/design_1_wrapper_hw_platform_0/ps7_init.tcl' is done.
00:16:44 INFO  : 'targets -set -filter {jtag_cable_name =~ "Xilinx PYNQ-Z1 003017A8B9E3A" && level==0} -index 1' command is executed.
00:16:46 INFO  : FPGA configured successfully with bitstream "C:/Users/Bakuboys101/Desktop/Jr_Year_Spring/ECE_1195/Lab_3/Lab_3.sdk/design_1_wrapper_hw_platform_0/design_1_wrapper.bit"
00:16:46 INFO  : Context for 'APU' is selected.
00:16:47 INFO  : Hardware design information is loaded from 'C:/Users/Bakuboys101/Desktop/Jr_Year_Spring/ECE_1195/Lab_3/Lab_3.sdk/design_1_wrapper_hw_platform_0/system.hdf'.
00:16:47 INFO  : 'configparams force-mem-access 1' command is executed.
00:16:47 INFO  : Context for 'APU' is selected.
00:16:47 INFO  : 'stop' command is executed.
00:16:48 INFO  : 'ps7_init' command is executed.
00:16:48 INFO  : 'ps7_post_config' command is executed.
00:16:48 INFO  : Context for processor 'ps7_cortexa9_0' is selected.
00:16:48 INFO  : Processor reset is completed for 'ps7_cortexa9_0'.
00:16:48 INFO  : Context for processor 'ps7_cortexa9_0' is selected.
00:16:48 INFO  : The application 'C:/Users/Bakuboys101/Desktop/Jr_Year_Spring/ECE_1195/Lab_3/Lab_3.sdk/Multiplier/Debug/Multiplier.elf' is downloaded to processor 'ps7_cortexa9_0'.
00:16:48 INFO  : 'configparams force-mem-access 0' command is executed.
00:16:48 INFO  : ----------------XSDB Script----------------
connect -url tcp:127.0.0.1:3121
source C:/Users/Bakuboys101/Desktop/Jr_Year_Spring/ECE_1195/Lab_3/Lab_3.sdk/design_1_wrapper_hw_platform_0/ps7_init.tcl
targets -set -filter {jtag_cable_name =~ "Xilinx PYNQ-Z1 003017A8B9E3A" && level==0} -index 1
fpga -file C:/Users/Bakuboys101/Desktop/Jr_Year_Spring/ECE_1195/Lab_3/Lab_3.sdk/design_1_wrapper_hw_platform_0/design_1_wrapper.bit
targets -set -nocase -filter {name =~"APU*" && jtag_cable_name =~ "Xilinx PYNQ-Z1 003017A8B9E3A"} -index 0
loadhw -hw C:/Users/Bakuboys101/Desktop/Jr_Year_Spring/ECE_1195/Lab_3/Lab_3.sdk/design_1_wrapper_hw_platform_0/system.hdf -mem-ranges [list {0x40000000 0xbfffffff}]
configparams force-mem-access 1
targets -set -nocase -filter {name =~"APU*" && jtag_cable_name =~ "Xilinx PYNQ-Z1 003017A8B9E3A"} -index 0
stop
ps7_init
ps7_post_config
targets -set -nocase -filter {name =~ "ARM*#0" && jtag_cable_name =~ "Xilinx PYNQ-Z1 003017A8B9E3A"} -index 0
rst -processor
targets -set -nocase -filter {name =~ "ARM*#0" && jtag_cable_name =~ "Xilinx PYNQ-Z1 003017A8B9E3A"} -index 0
dow C:/Users/Bakuboys101/Desktop/Jr_Year_Spring/ECE_1195/Lab_3/Lab_3.sdk/Multiplier/Debug/Multiplier.elf
configparams force-mem-access 0
----------------End of Script----------------

00:16:48 INFO  : Memory regions updated for context APU
00:16:48 INFO  : Context for processor 'ps7_cortexa9_0' is selected.
00:16:48 INFO  : 'con' command is executed.
00:16:48 INFO  : ----------------XSDB Script (After Launch)----------------
targets -set -nocase -filter {name =~ "ARM*#0" && jtag_cable_name =~ "Xilinx PYNQ-Z1 003017A8B9E3A"} -index 0
con
----------------End of Script----------------

00:16:48 INFO  : Launch script is exported to file 'C:\Users\Bakuboys101\Desktop\Jr_Year_Spring\ECE_1195\Lab_3\Lab_3.sdk\.sdk\launch_scripts\xilinx_c-c++_application_(system_debugger)\system_debugger_using_debug_multiplier.elf_on_local.tcl'
00:17:31 INFO  : Disconnected from the channel tcfchan#2.
00:17:32 INFO  : Connected to target on host '127.0.0.1' and port '3121'.
00:17:33 INFO  : Jtag cable 'Xilinx PYNQ-Z1 003017A8B9E3A' is selected.
00:17:33 INFO  : 'jtag frequency' command is executed.
00:17:33 INFO  : Sourcing of 'C:/Users/Bakuboys101/Desktop/Jr_Year_Spring/ECE_1195/Lab_3/Lab_3.sdk/design_1_wrapper_hw_platform_0/ps7_init.tcl' is done.
00:17:33 INFO  : 'targets -set -filter {jtag_cable_name =~ "Xilinx PYNQ-Z1 003017A8B9E3A" && level==0} -index 1' command is executed.
00:17:35 INFO  : FPGA configured successfully with bitstream "C:/Users/Bakuboys101/Desktop/Jr_Year_Spring/ECE_1195/Lab_3/Lab_3.sdk/design_1_wrapper_hw_platform_0/design_1_wrapper.bit"
00:17:35 INFO  : Context for 'APU' is selected.
00:17:36 INFO  : Hardware design information is loaded from 'C:/Users/Bakuboys101/Desktop/Jr_Year_Spring/ECE_1195/Lab_3/Lab_3.sdk/design_1_wrapper_hw_platform_0/system.hdf'.
00:17:36 INFO  : 'configparams force-mem-access 1' command is executed.
00:17:36 INFO  : Context for 'APU' is selected.
00:17:36 INFO  : 'stop' command is executed.
00:17:36 INFO  : 'ps7_init' command is executed.
00:17:36 INFO  : 'ps7_post_config' command is executed.
00:17:36 INFO  : Context for processor 'ps7_cortexa9_0' is selected.
00:17:36 INFO  : Processor reset is completed for 'ps7_cortexa9_0'.
00:17:36 INFO  : Context for processor 'ps7_cortexa9_0' is selected.
00:17:36 INFO  : The application 'C:/Users/Bakuboys101/Desktop/Jr_Year_Spring/ECE_1195/Lab_3/Lab_3.sdk/Multiplier/Debug/Multiplier.elf' is downloaded to processor 'ps7_cortexa9_0'.
00:17:36 INFO  : 'configparams force-mem-access 0' command is executed.
00:17:36 INFO  : ----------------XSDB Script----------------
connect -url tcp:127.0.0.1:3121
source C:/Users/Bakuboys101/Desktop/Jr_Year_Spring/ECE_1195/Lab_3/Lab_3.sdk/design_1_wrapper_hw_platform_0/ps7_init.tcl
targets -set -filter {jtag_cable_name =~ "Xilinx PYNQ-Z1 003017A8B9E3A" && level==0} -index 1
fpga -file C:/Users/Bakuboys101/Desktop/Jr_Year_Spring/ECE_1195/Lab_3/Lab_3.sdk/design_1_wrapper_hw_platform_0/design_1_wrapper.bit
targets -set -nocase -filter {name =~"APU*" && jtag_cable_name =~ "Xilinx PYNQ-Z1 003017A8B9E3A"} -index 0
loadhw -hw C:/Users/Bakuboys101/Desktop/Jr_Year_Spring/ECE_1195/Lab_3/Lab_3.sdk/design_1_wrapper_hw_platform_0/system.hdf -mem-ranges [list {0x40000000 0xbfffffff}]
configparams force-mem-access 1
targets -set -nocase -filter {name =~"APU*" && jtag_cable_name =~ "Xilinx PYNQ-Z1 003017A8B9E3A"} -index 0
stop
ps7_init
ps7_post_config
targets -set -nocase -filter {name =~ "ARM*#0" && jtag_cable_name =~ "Xilinx PYNQ-Z1 003017A8B9E3A"} -index 0
rst -processor
targets -set -nocase -filter {name =~ "ARM*#0" && jtag_cable_name =~ "Xilinx PYNQ-Z1 003017A8B9E3A"} -index 0
dow C:/Users/Bakuboys101/Desktop/Jr_Year_Spring/ECE_1195/Lab_3/Lab_3.sdk/Multiplier/Debug/Multiplier.elf
configparams force-mem-access 0
----------------End of Script----------------

00:17:36 INFO  : Memory regions updated for context APU
00:17:37 INFO  : Context for processor 'ps7_cortexa9_0' is selected.
00:17:37 INFO  : 'con' command is executed.
00:17:37 INFO  : ----------------XSDB Script (After Launch)----------------
targets -set -nocase -filter {name =~ "ARM*#0" && jtag_cable_name =~ "Xilinx PYNQ-Z1 003017A8B9E3A"} -index 0
con
----------------End of Script----------------

00:17:37 INFO  : Launch script is exported to file 'C:\Users\Bakuboys101\Desktop\Jr_Year_Spring\ECE_1195\Lab_3\Lab_3.sdk\.sdk\launch_scripts\xilinx_c-c++_application_(system_debugger)\system_debugger_using_debug_multiplier.elf_on_local.tcl'
00:28:10 INFO  : Disconnected from the channel tcfchan#3.
00:28:11 INFO  : Connected to target on host '127.0.0.1' and port '3121'.
00:28:11 INFO  : Jtag cable 'Xilinx PYNQ-Z1 003017A8B9E3A' is selected.
00:28:11 INFO  : 'jtag frequency' command is executed.
00:28:11 INFO  : Sourcing of 'C:/Users/Bakuboys101/Desktop/Jr_Year_Spring/ECE_1195/Lab_3/Lab_3.sdk/design_1_wrapper_hw_platform_0/ps7_init.tcl' is done.
00:28:11 INFO  : 'targets -set -filter {jtag_cable_name =~ "Xilinx PYNQ-Z1 003017A8B9E3A" && level==0} -index 1' command is executed.
00:28:14 INFO  : FPGA configured successfully with bitstream "C:/Users/Bakuboys101/Desktop/Jr_Year_Spring/ECE_1195/Lab_3/Lab_3.sdk/design_1_wrapper_hw_platform_0/design_1_wrapper.bit"
00:28:14 INFO  : Context for 'APU' is selected.
00:28:15 INFO  : Hardware design information is loaded from 'C:/Users/Bakuboys101/Desktop/Jr_Year_Spring/ECE_1195/Lab_3/Lab_3.sdk/design_1_wrapper_hw_platform_0/system.hdf'.
00:28:15 INFO  : 'configparams force-mem-access 1' command is executed.
00:28:15 INFO  : Context for 'APU' is selected.
00:28:15 INFO  : 'stop' command is executed.
00:28:15 INFO  : 'ps7_init' command is executed.
00:28:15 INFO  : 'ps7_post_config' command is executed.
00:28:15 INFO  : Context for processor 'ps7_cortexa9_0' is selected.
00:28:15 INFO  : Processor reset is completed for 'ps7_cortexa9_0'.
00:28:15 INFO  : Context for processor 'ps7_cortexa9_0' is selected.
00:28:15 INFO  : The application 'C:/Users/Bakuboys101/Desktop/Jr_Year_Spring/ECE_1195/Lab_3/Lab_3.sdk/Multiplier/Debug/Multiplier.elf' is downloaded to processor 'ps7_cortexa9_0'.
00:28:15 INFO  : 'configparams force-mem-access 0' command is executed.
00:28:15 INFO  : ----------------XSDB Script----------------
connect -url tcp:127.0.0.1:3121
source C:/Users/Bakuboys101/Desktop/Jr_Year_Spring/ECE_1195/Lab_3/Lab_3.sdk/design_1_wrapper_hw_platform_0/ps7_init.tcl
targets -set -filter {jtag_cable_name =~ "Xilinx PYNQ-Z1 003017A8B9E3A" && level==0} -index 1
fpga -file C:/Users/Bakuboys101/Desktop/Jr_Year_Spring/ECE_1195/Lab_3/Lab_3.sdk/design_1_wrapper_hw_platform_0/design_1_wrapper.bit
targets -set -nocase -filter {name =~"APU*" && jtag_cable_name =~ "Xilinx PYNQ-Z1 003017A8B9E3A"} -index 0
loadhw -hw C:/Users/Bakuboys101/Desktop/Jr_Year_Spring/ECE_1195/Lab_3/Lab_3.sdk/design_1_wrapper_hw_platform_0/system.hdf -mem-ranges [list {0x40000000 0xbfffffff}]
configparams force-mem-access 1
targets -set -nocase -filter {name =~"APU*" && jtag_cable_name =~ "Xilinx PYNQ-Z1 003017A8B9E3A"} -index 0
stop
ps7_init
ps7_post_config
targets -set -nocase -filter {name =~ "ARM*#0" && jtag_cable_name =~ "Xilinx PYNQ-Z1 003017A8B9E3A"} -index 0
rst -processor
targets -set -nocase -filter {name =~ "ARM*#0" && jtag_cable_name =~ "Xilinx PYNQ-Z1 003017A8B9E3A"} -index 0
dow C:/Users/Bakuboys101/Desktop/Jr_Year_Spring/ECE_1195/Lab_3/Lab_3.sdk/Multiplier/Debug/Multiplier.elf
configparams force-mem-access 0
----------------End of Script----------------

00:28:15 INFO  : Memory regions updated for context APU
00:28:15 INFO  : Context for processor 'ps7_cortexa9_0' is selected.
00:28:15 INFO  : 'con' command is executed.
00:28:15 INFO  : ----------------XSDB Script (After Launch)----------------
targets -set -nocase -filter {name =~ "ARM*#0" && jtag_cable_name =~ "Xilinx PYNQ-Z1 003017A8B9E3A"} -index 0
con
----------------End of Script----------------

00:28:15 INFO  : Launch script is exported to file 'C:\Users\Bakuboys101\Desktop\Jr_Year_Spring\ECE_1195\Lab_3\Lab_3.sdk\.sdk\launch_scripts\xilinx_c-c++_application_(system_debugger)\system_debugger_using_debug_multiplier.elf_on_local.tcl'
00:29:38 INFO  : Disconnected from the channel tcfchan#4.
00:29:39 INFO  : Connected to target on host '127.0.0.1' and port '3121'.
00:29:39 INFO  : Jtag cable 'Xilinx PYNQ-Z1 003017A8B9E3A' is selected.
00:29:39 INFO  : 'jtag frequency' command is executed.
00:29:39 INFO  : Sourcing of 'C:/Users/Bakuboys101/Desktop/Jr_Year_Spring/ECE_1195/Lab_3/Lab_3.sdk/design_1_wrapper_hw_platform_0/ps7_init.tcl' is done.
00:29:39 INFO  : 'targets -set -filter {jtag_cable_name =~ "Xilinx PYNQ-Z1 003017A8B9E3A" && level==0} -index 1' command is executed.
00:29:41 INFO  : FPGA configured successfully with bitstream "C:/Users/Bakuboys101/Desktop/Jr_Year_Spring/ECE_1195/Lab_3/Lab_3.sdk/design_1_wrapper_hw_platform_0/design_1_wrapper.bit"
00:29:41 INFO  : Context for 'APU' is selected.
00:29:42 INFO  : Hardware design information is loaded from 'C:/Users/Bakuboys101/Desktop/Jr_Year_Spring/ECE_1195/Lab_3/Lab_3.sdk/design_1_wrapper_hw_platform_0/system.hdf'.
00:29:42 INFO  : 'configparams force-mem-access 1' command is executed.
00:29:42 INFO  : Context for 'APU' is selected.
00:29:42 INFO  : 'stop' command is executed.
00:29:43 INFO  : 'ps7_init' command is executed.
00:29:43 INFO  : 'ps7_post_config' command is executed.
00:29:43 INFO  : Context for processor 'ps7_cortexa9_0' is selected.
00:29:43 INFO  : Processor reset is completed for 'ps7_cortexa9_0'.
00:29:43 INFO  : Context for processor 'ps7_cortexa9_0' is selected.
00:29:43 INFO  : The application 'C:/Users/Bakuboys101/Desktop/Jr_Year_Spring/ECE_1195/Lab_3/Lab_3.sdk/Multiplier/Debug/Multiplier.elf' is downloaded to processor 'ps7_cortexa9_0'.
00:29:43 INFO  : 'configparams force-mem-access 0' command is executed.
00:29:43 INFO  : ----------------XSDB Script----------------
connect -url tcp:127.0.0.1:3121
source C:/Users/Bakuboys101/Desktop/Jr_Year_Spring/ECE_1195/Lab_3/Lab_3.sdk/design_1_wrapper_hw_platform_0/ps7_init.tcl
targets -set -filter {jtag_cable_name =~ "Xilinx PYNQ-Z1 003017A8B9E3A" && level==0} -index 1
fpga -file C:/Users/Bakuboys101/Desktop/Jr_Year_Spring/ECE_1195/Lab_3/Lab_3.sdk/design_1_wrapper_hw_platform_0/design_1_wrapper.bit
targets -set -nocase -filter {name =~"APU*" && jtag_cable_name =~ "Xilinx PYNQ-Z1 003017A8B9E3A"} -index 0
loadhw -hw C:/Users/Bakuboys101/Desktop/Jr_Year_Spring/ECE_1195/Lab_3/Lab_3.sdk/design_1_wrapper_hw_platform_0/system.hdf -mem-ranges [list {0x40000000 0xbfffffff}]
configparams force-mem-access 1
targets -set -nocase -filter {name =~"APU*" && jtag_cable_name =~ "Xilinx PYNQ-Z1 003017A8B9E3A"} -index 0
stop
ps7_init
ps7_post_config
targets -set -nocase -filter {name =~ "ARM*#0" && jtag_cable_name =~ "Xilinx PYNQ-Z1 003017A8B9E3A"} -index 0
rst -processor
targets -set -nocase -filter {name =~ "ARM*#0" && jtag_cable_name =~ "Xilinx PYNQ-Z1 003017A8B9E3A"} -index 0
dow C:/Users/Bakuboys101/Desktop/Jr_Year_Spring/ECE_1195/Lab_3/Lab_3.sdk/Multiplier/Debug/Multiplier.elf
configparams force-mem-access 0
----------------End of Script----------------

00:29:43 INFO  : Memory regions updated for context APU
00:29:43 INFO  : Context for processor 'ps7_cortexa9_0' is selected.
00:29:43 INFO  : 'con' command is executed.
00:29:43 INFO  : ----------------XSDB Script (After Launch)----------------
targets -set -nocase -filter {name =~ "ARM*#0" && jtag_cable_name =~ "Xilinx PYNQ-Z1 003017A8B9E3A"} -index 0
con
----------------End of Script----------------

00:29:43 INFO  : Launch script is exported to file 'C:\Users\Bakuboys101\Desktop\Jr_Year_Spring\ECE_1195\Lab_3\Lab_3.sdk\.sdk\launch_scripts\xilinx_c-c++_application_(system_debugger)\system_debugger_using_debug_multiplier.elf_on_local.tcl'
00:40:13 INFO  : Disconnected from the channel tcfchan#5.
00:40:14 INFO  : Connected to target on host '127.0.0.1' and port '3121'.
00:40:14 INFO  : Jtag cable 'Xilinx PYNQ-Z1 003017A8B9E3A' is selected.
00:40:14 INFO  : 'jtag frequency' command is executed.
00:40:14 INFO  : Sourcing of 'C:/Users/Bakuboys101/Desktop/Jr_Year_Spring/ECE_1195/Lab_3/Lab_3.sdk/design_1_wrapper_hw_platform_0/ps7_init.tcl' is done.
00:40:14 INFO  : 'targets -set -filter {jtag_cable_name =~ "Xilinx PYNQ-Z1 003017A8B9E3A" && level==0} -index 1' command is executed.
00:40:17 INFO  : FPGA configured successfully with bitstream "C:/Users/Bakuboys101/Desktop/Jr_Year_Spring/ECE_1195/Lab_3/Lab_3.sdk/design_1_wrapper_hw_platform_0/design_1_wrapper.bit"
00:40:17 INFO  : Context for 'APU' is selected.
00:40:18 INFO  : Hardware design information is loaded from 'C:/Users/Bakuboys101/Desktop/Jr_Year_Spring/ECE_1195/Lab_3/Lab_3.sdk/design_1_wrapper_hw_platform_0/system.hdf'.
00:40:18 INFO  : 'configparams force-mem-access 1' command is executed.
00:40:18 INFO  : Context for 'APU' is selected.
00:40:18 INFO  : 'stop' command is executed.
00:40:18 INFO  : 'ps7_init' command is executed.
00:40:18 INFO  : 'ps7_post_config' command is executed.
00:40:18 INFO  : Context for processor 'ps7_cortexa9_0' is selected.
00:40:18 INFO  : Processor reset is completed for 'ps7_cortexa9_0'.
00:40:18 INFO  : Context for processor 'ps7_cortexa9_0' is selected.
00:40:18 INFO  : The application 'C:/Users/Bakuboys101/Desktop/Jr_Year_Spring/ECE_1195/Lab_3/Lab_3.sdk/Multiplier/Debug/Multiplier.elf' is downloaded to processor 'ps7_cortexa9_0'.
00:40:18 INFO  : 'configparams force-mem-access 0' command is executed.
00:40:18 INFO  : ----------------XSDB Script----------------
connect -url tcp:127.0.0.1:3121
source C:/Users/Bakuboys101/Desktop/Jr_Year_Spring/ECE_1195/Lab_3/Lab_3.sdk/design_1_wrapper_hw_platform_0/ps7_init.tcl
targets -set -filter {jtag_cable_name =~ "Xilinx PYNQ-Z1 003017A8B9E3A" && level==0} -index 1
fpga -file C:/Users/Bakuboys101/Desktop/Jr_Year_Spring/ECE_1195/Lab_3/Lab_3.sdk/design_1_wrapper_hw_platform_0/design_1_wrapper.bit
targets -set -nocase -filter {name =~"APU*" && jtag_cable_name =~ "Xilinx PYNQ-Z1 003017A8B9E3A"} -index 0
loadhw -hw C:/Users/Bakuboys101/Desktop/Jr_Year_Spring/ECE_1195/Lab_3/Lab_3.sdk/design_1_wrapper_hw_platform_0/system.hdf -mem-ranges [list {0x40000000 0xbfffffff}]
configparams force-mem-access 1
targets -set -nocase -filter {name =~"APU*" && jtag_cable_name =~ "Xilinx PYNQ-Z1 003017A8B9E3A"} -index 0
stop
ps7_init
ps7_post_config
targets -set -nocase -filter {name =~ "ARM*#0" && jtag_cable_name =~ "Xilinx PYNQ-Z1 003017A8B9E3A"} -index 0
rst -processor
targets -set -nocase -filter {name =~ "ARM*#0" && jtag_cable_name =~ "Xilinx PYNQ-Z1 003017A8B9E3A"} -index 0
dow C:/Users/Bakuboys101/Desktop/Jr_Year_Spring/ECE_1195/Lab_3/Lab_3.sdk/Multiplier/Debug/Multiplier.elf
configparams force-mem-access 0
----------------End of Script----------------

00:40:18 INFO  : Memory regions updated for context APU
00:40:19 INFO  : Context for processor 'ps7_cortexa9_0' is selected.
00:40:19 INFO  : 'con' command is executed.
00:40:19 INFO  : ----------------XSDB Script (After Launch)----------------
targets -set -nocase -filter {name =~ "ARM*#0" && jtag_cable_name =~ "Xilinx PYNQ-Z1 003017A8B9E3A"} -index 0
con
----------------End of Script----------------

00:40:19 INFO  : Launch script is exported to file 'C:\Users\Bakuboys101\Desktop\Jr_Year_Spring\ECE_1195\Lab_3\Lab_3.sdk\.sdk\launch_scripts\xilinx_c-c++_application_(system_debugger)\system_debugger_using_debug_multiplier.elf_on_local.tcl'
00:41:41 INFO  : Disconnected from the channel tcfchan#6.
00:41:42 INFO  : Connected to target on host '127.0.0.1' and port '3121'.
00:41:42 INFO  : Jtag cable 'Xilinx PYNQ-Z1 003017A8B9E3A' is selected.
00:41:42 INFO  : 'jtag frequency' command is executed.
00:41:42 INFO  : Sourcing of 'C:/Users/Bakuboys101/Desktop/Jr_Year_Spring/ECE_1195/Lab_3/Lab_3.sdk/design_1_wrapper_hw_platform_0/ps7_init.tcl' is done.
00:41:42 INFO  : 'targets -set -filter {jtag_cable_name =~ "Xilinx PYNQ-Z1 003017A8B9E3A" && level==0} -index 1' command is executed.
00:41:45 INFO  : FPGA configured successfully with bitstream "C:/Users/Bakuboys101/Desktop/Jr_Year_Spring/ECE_1195/Lab_3/Lab_3.sdk/design_1_wrapper_hw_platform_0/design_1_wrapper.bit"
00:41:45 INFO  : Context for 'APU' is selected.
00:41:46 INFO  : Hardware design information is loaded from 'C:/Users/Bakuboys101/Desktop/Jr_Year_Spring/ECE_1195/Lab_3/Lab_3.sdk/design_1_wrapper_hw_platform_0/system.hdf'.
00:41:46 INFO  : 'configparams force-mem-access 1' command is executed.
00:41:46 INFO  : Context for 'APU' is selected.
00:41:46 INFO  : 'stop' command is executed.
00:41:46 INFO  : 'ps7_init' command is executed.
00:41:46 INFO  : 'ps7_post_config' command is executed.
00:41:46 INFO  : Context for processor 'ps7_cortexa9_0' is selected.
00:41:46 INFO  : Processor reset is completed for 'ps7_cortexa9_0'.
00:41:46 INFO  : Context for processor 'ps7_cortexa9_0' is selected.
00:41:46 INFO  : The application 'C:/Users/Bakuboys101/Desktop/Jr_Year_Spring/ECE_1195/Lab_3/Lab_3.sdk/Multiplier/Debug/Multiplier.elf' is downloaded to processor 'ps7_cortexa9_0'.
00:41:46 INFO  : 'configparams force-mem-access 0' command is executed.
00:41:46 INFO  : ----------------XSDB Script----------------
connect -url tcp:127.0.0.1:3121
source C:/Users/Bakuboys101/Desktop/Jr_Year_Spring/ECE_1195/Lab_3/Lab_3.sdk/design_1_wrapper_hw_platform_0/ps7_init.tcl
targets -set -filter {jtag_cable_name =~ "Xilinx PYNQ-Z1 003017A8B9E3A" && level==0} -index 1
fpga -file C:/Users/Bakuboys101/Desktop/Jr_Year_Spring/ECE_1195/Lab_3/Lab_3.sdk/design_1_wrapper_hw_platform_0/design_1_wrapper.bit
targets -set -nocase -filter {name =~"APU*" && jtag_cable_name =~ "Xilinx PYNQ-Z1 003017A8B9E3A"} -index 0
loadhw -hw C:/Users/Bakuboys101/Desktop/Jr_Year_Spring/ECE_1195/Lab_3/Lab_3.sdk/design_1_wrapper_hw_platform_0/system.hdf -mem-ranges [list {0x40000000 0xbfffffff}]
configparams force-mem-access 1
targets -set -nocase -filter {name =~"APU*" && jtag_cable_name =~ "Xilinx PYNQ-Z1 003017A8B9E3A"} -index 0
stop
ps7_init
ps7_post_config
targets -set -nocase -filter {name =~ "ARM*#0" && jtag_cable_name =~ "Xilinx PYNQ-Z1 003017A8B9E3A"} -index 0
rst -processor
targets -set -nocase -filter {name =~ "ARM*#0" && jtag_cable_name =~ "Xilinx PYNQ-Z1 003017A8B9E3A"} -index 0
dow C:/Users/Bakuboys101/Desktop/Jr_Year_Spring/ECE_1195/Lab_3/Lab_3.sdk/Multiplier/Debug/Multiplier.elf
configparams force-mem-access 0
----------------End of Script----------------

00:41:46 INFO  : Memory regions updated for context APU
00:41:46 INFO  : Context for processor 'ps7_cortexa9_0' is selected.
00:41:46 INFO  : 'con' command is executed.
00:41:46 INFO  : ----------------XSDB Script (After Launch)----------------
targets -set -nocase -filter {name =~ "ARM*#0" && jtag_cable_name =~ "Xilinx PYNQ-Z1 003017A8B9E3A"} -index 0
con
----------------End of Script----------------

00:41:46 INFO  : Launch script is exported to file 'C:\Users\Bakuboys101\Desktop\Jr_Year_Spring\ECE_1195\Lab_3\Lab_3.sdk\.sdk\launch_scripts\xilinx_c-c++_application_(system_debugger)\system_debugger_using_debug_multiplier.elf_on_local.tcl'
00:50:51 INFO  : Disconnected from the channel tcfchan#7.
00:50:52 INFO  : Connected to target on host '127.0.0.1' and port '3121'.
00:50:52 INFO  : Jtag cable 'Xilinx PYNQ-Z1 003017A8B9E3A' is selected.
00:50:52 INFO  : 'jtag frequency' command is executed.
00:50:52 INFO  : Sourcing of 'C:/Users/Bakuboys101/Desktop/Jr_Year_Spring/ECE_1195/Lab_3/Lab_3.sdk/design_1_wrapper_hw_platform_0/ps7_init.tcl' is done.
00:50:52 INFO  : 'targets -set -filter {jtag_cable_name =~ "Xilinx PYNQ-Z1 003017A8B9E3A" && level==0} -index 1' command is executed.
00:50:54 INFO  : FPGA configured successfully with bitstream "C:/Users/Bakuboys101/Desktop/Jr_Year_Spring/ECE_1195/Lab_3/Lab_3.sdk/design_1_wrapper_hw_platform_0/design_1_wrapper.bit"
00:50:54 INFO  : Context for 'APU' is selected.
00:50:55 INFO  : Hardware design information is loaded from 'C:/Users/Bakuboys101/Desktop/Jr_Year_Spring/ECE_1195/Lab_3/Lab_3.sdk/design_1_wrapper_hw_platform_0/system.hdf'.
00:50:55 INFO  : 'configparams force-mem-access 1' command is executed.
00:50:55 INFO  : Context for 'APU' is selected.
00:50:55 INFO  : 'stop' command is executed.
00:50:55 INFO  : 'ps7_init' command is executed.
00:50:55 INFO  : 'ps7_post_config' command is executed.
00:50:55 INFO  : Context for processor 'ps7_cortexa9_0' is selected.
00:50:56 INFO  : Processor reset is completed for 'ps7_cortexa9_0'.
00:50:56 INFO  : Context for processor 'ps7_cortexa9_0' is selected.
00:50:56 INFO  : The application 'C:/Users/Bakuboys101/Desktop/Jr_Year_Spring/ECE_1195/Lab_3/Lab_3.sdk/Multiplier/Debug/Multiplier.elf' is downloaded to processor 'ps7_cortexa9_0'.
00:50:56 INFO  : 'configparams force-mem-access 0' command is executed.
00:50:56 INFO  : ----------------XSDB Script----------------
connect -url tcp:127.0.0.1:3121
source C:/Users/Bakuboys101/Desktop/Jr_Year_Spring/ECE_1195/Lab_3/Lab_3.sdk/design_1_wrapper_hw_platform_0/ps7_init.tcl
targets -set -filter {jtag_cable_name =~ "Xilinx PYNQ-Z1 003017A8B9E3A" && level==0} -index 1
fpga -file C:/Users/Bakuboys101/Desktop/Jr_Year_Spring/ECE_1195/Lab_3/Lab_3.sdk/design_1_wrapper_hw_platform_0/design_1_wrapper.bit
targets -set -nocase -filter {name =~"APU*" && jtag_cable_name =~ "Xilinx PYNQ-Z1 003017A8B9E3A"} -index 0
loadhw -hw C:/Users/Bakuboys101/Desktop/Jr_Year_Spring/ECE_1195/Lab_3/Lab_3.sdk/design_1_wrapper_hw_platform_0/system.hdf -mem-ranges [list {0x40000000 0xbfffffff}]
configparams force-mem-access 1
targets -set -nocase -filter {name =~"APU*" && jtag_cable_name =~ "Xilinx PYNQ-Z1 003017A8B9E3A"} -index 0
stop
ps7_init
ps7_post_config
targets -set -nocase -filter {name =~ "ARM*#0" && jtag_cable_name =~ "Xilinx PYNQ-Z1 003017A8B9E3A"} -index 0
rst -processor
targets -set -nocase -filter {name =~ "ARM*#0" && jtag_cable_name =~ "Xilinx PYNQ-Z1 003017A8B9E3A"} -index 0
dow C:/Users/Bakuboys101/Desktop/Jr_Year_Spring/ECE_1195/Lab_3/Lab_3.sdk/Multiplier/Debug/Multiplier.elf
configparams force-mem-access 0
----------------End of Script----------------

00:50:56 INFO  : Memory regions updated for context APU
00:50:56 INFO  : Context for processor 'ps7_cortexa9_0' is selected.
00:50:56 INFO  : 'con' command is executed.
00:50:56 INFO  : ----------------XSDB Script (After Launch)----------------
targets -set -nocase -filter {name =~ "ARM*#0" && jtag_cable_name =~ "Xilinx PYNQ-Z1 003017A8B9E3A"} -index 0
con
----------------End of Script----------------

00:50:56 INFO  : Launch script is exported to file 'C:\Users\Bakuboys101\Desktop\Jr_Year_Spring\ECE_1195\Lab_3\Lab_3.sdk\.sdk\launch_scripts\xilinx_c-c++_application_(system_debugger)\system_debugger_using_debug_multiplier.elf_on_local.tcl'
