12:43:57 INFO  : Registering command handlers for SDK TCF services
12:43:57 INFO  : Launching XSCT server: xsct.bat -interactive C:\Users\Bakuboys101\Desktop\Jr_Year_Spring\Lab_1\Lab_1.sdk\temp_xsdb_launch_script.tcl
12:43:59 INFO  : XSCT server has started successfully.
12:43:59 INFO  : Successfully done setting XSCT server connection channel  
12:44:01 INFO  : Successfully done setting SDK workspace  
12:44:01 INFO  : Processing command line option -hwspec C:/Users/Bakuboys101/Desktop/Jr_Year_Spring/Lab_1/Lab_1.sdk/Lab_1_wrapper.hdf.
12:52:40 INFO  : Connected to target on host '127.0.0.1' and port '3121'.
12:52:41 INFO  : Jtag cable 'Xilinx PYNQ-Z1 003017A8B9E3A' is selected.
12:52:41 INFO  : 'jtag frequency' command is executed.
12:52:41 INFO  : Sourcing of 'C:/Users/Bakuboys101/Desktop/Jr_Year_Spring/Lab_1/Lab_1.sdk/Lab_1_wrapper_hw_platform_0/ps7_init.tcl' is done.
12:52:41 INFO  : 'targets -set -filter {jtag_cable_name =~ "Xilinx PYNQ-Z1 003017A8B9E3A" && level==0} -index 1' command is executed.
12:52:44 INFO  : FPGA configured successfully with bitstream "C:/Users/Bakuboys101/Desktop/Jr_Year_Spring/Lab_1/Lab_1.sdk/Lab_1_wrapper_hw_platform_0/Lab_1_wrapper.bit"
12:52:44 INFO  : Context for 'APU' is selected.
12:52:44 INFO  : Hardware design information is loaded from 'C:/Users/Bakuboys101/Desktop/Jr_Year_Spring/Lab_1/Lab_1.sdk/Lab_1_wrapper_hw_platform_0/system.hdf'.
12:52:44 INFO  : 'configparams force-mem-access 1' command is executed.
12:52:44 INFO  : Context for 'APU' is selected.
12:52:44 INFO  : 'stop' command is executed.
12:52:44 INFO  : 'ps7_init' command is executed.
12:52:44 INFO  : 'ps7_post_config' command is executed.
12:52:44 INFO  : Context for processor 'ps7_cortexa9_0' is selected.
12:52:44 INFO  : Processor reset is completed for 'ps7_cortexa9_0'.
12:52:44 INFO  : Context for processor 'ps7_cortexa9_0' is selected.
12:52:44 INFO  : The application 'C:/Users/Bakuboys101/Desktop/Jr_Year_Spring/Lab_1/Lab_1.sdk/FullAdder/Debug/FullAdder.elf' is downloaded to processor 'ps7_cortexa9_0'.
12:52:44 INFO  : 'configparams force-mem-access 0' command is executed.
12:52:44 INFO  : ----------------XSDB Script----------------
connect -url tcp:127.0.0.1:3121
source C:/Users/Bakuboys101/Desktop/Jr_Year_Spring/Lab_1/Lab_1.sdk/Lab_1_wrapper_hw_platform_0/ps7_init.tcl
targets -set -filter {jtag_cable_name =~ "Xilinx PYNQ-Z1 003017A8B9E3A" && level==0} -index 1
fpga -file C:/Users/Bakuboys101/Desktop/Jr_Year_Spring/Lab_1/Lab_1.sdk/Lab_1_wrapper_hw_platform_0/Lab_1_wrapper.bit
targets -set -nocase -filter {name =~"APU*" && jtag_cable_name =~ "Xilinx PYNQ-Z1 003017A8B9E3A"} -index 0
loadhw -hw C:/Users/Bakuboys101/Desktop/Jr_Year_Spring/Lab_1/Lab_1.sdk/Lab_1_wrapper_hw_platform_0/system.hdf -mem-ranges [list {0x40000000 0xbfffffff}]
configparams force-mem-access 1
targets -set -nocase -filter {name =~"APU*" && jtag_cable_name =~ "Xilinx PYNQ-Z1 003017A8B9E3A"} -index 0
stop
ps7_init
ps7_post_config
targets -set -nocase -filter {name =~ "ARM*#0" && jtag_cable_name =~ "Xilinx PYNQ-Z1 003017A8B9E3A"} -index 0
rst -processor
targets -set -nocase -filter {name =~ "ARM*#0" && jtag_cable_name =~ "Xilinx PYNQ-Z1 003017A8B9E3A"} -index 0
dow C:/Users/Bakuboys101/Desktop/Jr_Year_Spring/Lab_1/Lab_1.sdk/FullAdder/Debug/FullAdder.elf
configparams force-mem-access 0
----------------End of Script----------------

12:52:44 INFO  : Memory regions updated for context APU
12:52:44 INFO  : Context for processor 'ps7_cortexa9_0' is selected.
12:52:44 INFO  : 'con' command is executed.
12:52:44 INFO  : ----------------XSDB Script (After Launch)----------------
targets -set -nocase -filter {name =~ "ARM*#0" && jtag_cable_name =~ "Xilinx PYNQ-Z1 003017A8B9E3A"} -index 0
con
----------------End of Script----------------

12:52:44 INFO  : Launch script is exported to file 'C:\Users\Bakuboys101\Desktop\Jr_Year_Spring\Lab_1\Lab_1.sdk\.sdk\launch_scripts\xilinx_c-c++_application_(system_debugger)\system_debugger_using_debug_fulladder.elf_on_local.tcl'
12:53:18 INFO  : Disconnected from the channel tcfchan#1.
12:53:19 INFO  : Connected to target on host '127.0.0.1' and port '3121'.
12:53:19 INFO  : Jtag cable 'Xilinx PYNQ-Z1 003017A8B9E3A' is selected.
12:53:19 INFO  : 'jtag frequency' command is executed.
12:53:19 INFO  : Sourcing of 'C:/Users/Bakuboys101/Desktop/Jr_Year_Spring/Lab_1/Lab_1.sdk/Lab_1_wrapper_hw_platform_0/ps7_init.tcl' is done.
12:53:19 INFO  : 'targets -set -filter {jtag_cable_name =~ "Xilinx PYNQ-Z1 003017A8B9E3A" && level==0} -index 1' command is executed.
12:53:22 INFO  : FPGA configured successfully with bitstream "C:/Users/Bakuboys101/Desktop/Jr_Year_Spring/Lab_1/Lab_1.sdk/Lab_1_wrapper_hw_platform_0/Lab_1_wrapper.bit"
12:53:22 INFO  : Context for 'APU' is selected.
12:53:23 INFO  : Hardware design information is loaded from 'C:/Users/Bakuboys101/Desktop/Jr_Year_Spring/Lab_1/Lab_1.sdk/Lab_1_wrapper_hw_platform_0/system.hdf'.
12:53:23 INFO  : 'configparams force-mem-access 1' command is executed.
12:53:23 INFO  : Context for 'APU' is selected.
12:53:23 INFO  : 'stop' command is executed.
12:53:23 INFO  : 'ps7_init' command is executed.
12:53:23 INFO  : 'ps7_post_config' command is executed.
12:53:23 INFO  : Context for processor 'ps7_cortexa9_0' is selected.
12:53:23 INFO  : Processor reset is completed for 'ps7_cortexa9_0'.
12:53:23 INFO  : Context for processor 'ps7_cortexa9_0' is selected.
12:53:23 INFO  : The application 'C:/Users/Bakuboys101/Desktop/Jr_Year_Spring/Lab_1/Lab_1.sdk/FullAdder/Debug/FullAdder.elf' is downloaded to processor 'ps7_cortexa9_0'.
12:53:23 INFO  : 'configparams force-mem-access 0' command is executed.
12:53:23 INFO  : ----------------XSDB Script----------------
connect -url tcp:127.0.0.1:3121
source C:/Users/Bakuboys101/Desktop/Jr_Year_Spring/Lab_1/Lab_1.sdk/Lab_1_wrapper_hw_platform_0/ps7_init.tcl
targets -set -filter {jtag_cable_name =~ "Xilinx PYNQ-Z1 003017A8B9E3A" && level==0} -index 1
fpga -file C:/Users/Bakuboys101/Desktop/Jr_Year_Spring/Lab_1/Lab_1.sdk/Lab_1_wrapper_hw_platform_0/Lab_1_wrapper.bit
targets -set -nocase -filter {name =~"APU*" && jtag_cable_name =~ "Xilinx PYNQ-Z1 003017A8B9E3A"} -index 0
loadhw -hw C:/Users/Bakuboys101/Desktop/Jr_Year_Spring/Lab_1/Lab_1.sdk/Lab_1_wrapper_hw_platform_0/system.hdf -mem-ranges [list {0x40000000 0xbfffffff}]
configparams force-mem-access 1
targets -set -nocase -filter {name =~"APU*" && jtag_cable_name =~ "Xilinx PYNQ-Z1 003017A8B9E3A"} -index 0
stop
ps7_init
ps7_post_config
targets -set -nocase -filter {name =~ "ARM*#0" && jtag_cable_name =~ "Xilinx PYNQ-Z1 003017A8B9E3A"} -index 0
rst -processor
targets -set -nocase -filter {name =~ "ARM*#0" && jtag_cable_name =~ "Xilinx PYNQ-Z1 003017A8B9E3A"} -index 0
dow C:/Users/Bakuboys101/Desktop/Jr_Year_Spring/Lab_1/Lab_1.sdk/FullAdder/Debug/FullAdder.elf
configparams force-mem-access 0
----------------End of Script----------------

12:53:23 INFO  : Memory regions updated for context APU
12:53:23 INFO  : Context for processor 'ps7_cortexa9_0' is selected.
12:53:23 INFO  : 'con' command is executed.
12:53:23 INFO  : ----------------XSDB Script (After Launch)----------------
targets -set -nocase -filter {name =~ "ARM*#0" && jtag_cable_name =~ "Xilinx PYNQ-Z1 003017A8B9E3A"} -index 0
con
----------------End of Script----------------

12:53:23 INFO  : Launch script is exported to file 'C:\Users\Bakuboys101\Desktop\Jr_Year_Spring\Lab_1\Lab_1.sdk\.sdk\launch_scripts\xilinx_c-c++_application_(system_debugger)\system_debugger_using_debug_fulladder.elf_on_local.tcl'
12:55:29 INFO  : Disconnected from the channel tcfchan#2.
12:55:30 INFO  : Connected to target on host '127.0.0.1' and port '3121'.
12:55:31 INFO  : Jtag cable 'Xilinx PYNQ-Z1 003017A8B9E3A' is selected.
12:55:31 INFO  : 'jtag frequency' command is executed.
12:55:31 INFO  : Sourcing of 'C:/Users/Bakuboys101/Desktop/Jr_Year_Spring/Lab_1/Lab_1.sdk/Lab_1_wrapper_hw_platform_0/ps7_init.tcl' is done.
12:55:31 INFO  : 'targets -set -filter {jtag_cable_name =~ "Xilinx PYNQ-Z1 003017A8B9E3A" && level==0} -index 1' command is executed.
12:55:33 INFO  : FPGA configured successfully with bitstream "C:/Users/Bakuboys101/Desktop/Jr_Year_Spring/Lab_1/Lab_1.sdk/Lab_1_wrapper_hw_platform_0/Lab_1_wrapper.bit"
12:55:33 INFO  : Context for 'APU' is selected.
12:55:34 INFO  : Hardware design information is loaded from 'C:/Users/Bakuboys101/Desktop/Jr_Year_Spring/Lab_1/Lab_1.sdk/Lab_1_wrapper_hw_platform_0/system.hdf'.
12:55:34 INFO  : 'configparams force-mem-access 1' command is executed.
12:55:34 INFO  : Context for 'APU' is selected.
12:55:34 INFO  : 'stop' command is executed.
12:55:34 INFO  : 'ps7_init' command is executed.
12:55:34 INFO  : 'ps7_post_config' command is executed.
12:55:34 INFO  : Context for processor 'ps7_cortexa9_0' is selected.
12:55:34 INFO  : Processor reset is completed for 'ps7_cortexa9_0'.
12:55:34 INFO  : Context for processor 'ps7_cortexa9_0' is selected.
12:55:34 INFO  : The application 'C:/Users/Bakuboys101/Desktop/Jr_Year_Spring/Lab_1/Lab_1.sdk/FullAdder/Debug/FullAdder.elf' is downloaded to processor 'ps7_cortexa9_0'.
12:55:34 INFO  : 'configparams force-mem-access 0' command is executed.
12:55:34 INFO  : ----------------XSDB Script----------------
connect -url tcp:127.0.0.1:3121
source C:/Users/Bakuboys101/Desktop/Jr_Year_Spring/Lab_1/Lab_1.sdk/Lab_1_wrapper_hw_platform_0/ps7_init.tcl
targets -set -filter {jtag_cable_name =~ "Xilinx PYNQ-Z1 003017A8B9E3A" && level==0} -index 1
fpga -file C:/Users/Bakuboys101/Desktop/Jr_Year_Spring/Lab_1/Lab_1.sdk/Lab_1_wrapper_hw_platform_0/Lab_1_wrapper.bit
targets -set -nocase -filter {name =~"APU*" && jtag_cable_name =~ "Xilinx PYNQ-Z1 003017A8B9E3A"} -index 0
loadhw -hw C:/Users/Bakuboys101/Desktop/Jr_Year_Spring/Lab_1/Lab_1.sdk/Lab_1_wrapper_hw_platform_0/system.hdf -mem-ranges [list {0x40000000 0xbfffffff}]
configparams force-mem-access 1
targets -set -nocase -filter {name =~"APU*" && jtag_cable_name =~ "Xilinx PYNQ-Z1 003017A8B9E3A"} -index 0
stop
ps7_init
ps7_post_config
targets -set -nocase -filter {name =~ "ARM*#0" && jtag_cable_name =~ "Xilinx PYNQ-Z1 003017A8B9E3A"} -index 0
rst -processor
targets -set -nocase -filter {name =~ "ARM*#0" && jtag_cable_name =~ "Xilinx PYNQ-Z1 003017A8B9E3A"} -index 0
dow C:/Users/Bakuboys101/Desktop/Jr_Year_Spring/Lab_1/Lab_1.sdk/FullAdder/Debug/FullAdder.elf
configparams force-mem-access 0
----------------End of Script----------------

12:55:34 INFO  : Memory regions updated for context APU
12:55:35 INFO  : Context for processor 'ps7_cortexa9_0' is selected.
12:55:35 INFO  : 'con' command is executed.
12:55:35 INFO  : ----------------XSDB Script (After Launch)----------------
targets -set -nocase -filter {name =~ "ARM*#0" && jtag_cable_name =~ "Xilinx PYNQ-Z1 003017A8B9E3A"} -index 0
con
----------------End of Script----------------

12:55:35 INFO  : Launch script is exported to file 'C:\Users\Bakuboys101\Desktop\Jr_Year_Spring\Lab_1\Lab_1.sdk\.sdk\launch_scripts\xilinx_c-c++_application_(system_debugger)\system_debugger_using_debug_fulladder.elf_on_local.tcl'
12:56:40 INFO  : Disconnected from the channel tcfchan#3.
12:56:41 INFO  : Connected to target on host '127.0.0.1' and port '3121'.
12:56:41 INFO  : Jtag cable 'Xilinx PYNQ-Z1 003017A8B9E3A' is selected.
12:56:41 INFO  : 'jtag frequency' command is executed.
12:56:41 INFO  : Sourcing of 'C:/Users/Bakuboys101/Desktop/Jr_Year_Spring/Lab_1/Lab_1.sdk/Lab_1_wrapper_hw_platform_0/ps7_init.tcl' is done.
12:56:41 INFO  : 'targets -set -filter {jtag_cable_name =~ "Xilinx PYNQ-Z1 003017A8B9E3A" && level==0} -index 1' command is executed.
12:56:43 INFO  : FPGA configured successfully with bitstream "C:/Users/Bakuboys101/Desktop/Jr_Year_Spring/Lab_1/Lab_1.sdk/Lab_1_wrapper_hw_platform_0/Lab_1_wrapper.bit"
12:56:43 INFO  : Context for 'APU' is selected.
12:56:44 INFO  : Hardware design information is loaded from 'C:/Users/Bakuboys101/Desktop/Jr_Year_Spring/Lab_1/Lab_1.sdk/Lab_1_wrapper_hw_platform_0/system.hdf'.
12:56:44 INFO  : 'configparams force-mem-access 1' command is executed.
12:56:44 INFO  : Context for 'APU' is selected.
12:56:44 INFO  : 'stop' command is executed.
12:56:45 INFO  : 'ps7_init' command is executed.
12:56:45 INFO  : 'ps7_post_config' command is executed.
12:56:45 INFO  : Context for processor 'ps7_cortexa9_0' is selected.
12:56:45 INFO  : Processor reset is completed for 'ps7_cortexa9_0'.
12:56:45 INFO  : Context for processor 'ps7_cortexa9_0' is selected.
12:56:45 INFO  : The application 'C:/Users/Bakuboys101/Desktop/Jr_Year_Spring/Lab_1/Lab_1.sdk/FullAdder/Debug/FullAdder.elf' is downloaded to processor 'ps7_cortexa9_0'.
12:56:45 INFO  : 'configparams force-mem-access 0' command is executed.
12:56:45 INFO  : ----------------XSDB Script----------------
connect -url tcp:127.0.0.1:3121
source C:/Users/Bakuboys101/Desktop/Jr_Year_Spring/Lab_1/Lab_1.sdk/Lab_1_wrapper_hw_platform_0/ps7_init.tcl
targets -set -filter {jtag_cable_name =~ "Xilinx PYNQ-Z1 003017A8B9E3A" && level==0} -index 1
fpga -file C:/Users/Bakuboys101/Desktop/Jr_Year_Spring/Lab_1/Lab_1.sdk/Lab_1_wrapper_hw_platform_0/Lab_1_wrapper.bit
targets -set -nocase -filter {name =~"APU*" && jtag_cable_name =~ "Xilinx PYNQ-Z1 003017A8B9E3A"} -index 0
loadhw -hw C:/Users/Bakuboys101/Desktop/Jr_Year_Spring/Lab_1/Lab_1.sdk/Lab_1_wrapper_hw_platform_0/system.hdf -mem-ranges [list {0x40000000 0xbfffffff}]
configparams force-mem-access 1
targets -set -nocase -filter {name =~"APU*" && jtag_cable_name =~ "Xilinx PYNQ-Z1 003017A8B9E3A"} -index 0
stop
ps7_init
ps7_post_config
targets -set -nocase -filter {name =~ "ARM*#0" && jtag_cable_name =~ "Xilinx PYNQ-Z1 003017A8B9E3A"} -index 0
rst -processor
targets -set -nocase -filter {name =~ "ARM*#0" && jtag_cable_name =~ "Xilinx PYNQ-Z1 003017A8B9E3A"} -index 0
dow C:/Users/Bakuboys101/Desktop/Jr_Year_Spring/Lab_1/Lab_1.sdk/FullAdder/Debug/FullAdder.elf
configparams force-mem-access 0
----------------End of Script----------------

12:56:45 INFO  : Memory regions updated for context APU
12:56:45 INFO  : Context for processor 'ps7_cortexa9_0' is selected.
12:56:45 INFO  : 'con' command is executed.
12:56:45 INFO  : ----------------XSDB Script (After Launch)----------------
targets -set -nocase -filter {name =~ "ARM*#0" && jtag_cable_name =~ "Xilinx PYNQ-Z1 003017A8B9E3A"} -index 0
con
----------------End of Script----------------

12:56:45 INFO  : Launch script is exported to file 'C:\Users\Bakuboys101\Desktop\Jr_Year_Spring\Lab_1\Lab_1.sdk\.sdk\launch_scripts\xilinx_c-c++_application_(system_debugger)\system_debugger_using_debug_fulladder.elf_on_local.tcl'
12:57:19 INFO  : Disconnected from the channel tcfchan#4.
12:57:20 INFO  : Connected to target on host '127.0.0.1' and port '3121'.
12:57:20 INFO  : Jtag cable 'Xilinx PYNQ-Z1 003017A8B9E3A' is selected.
12:57:20 INFO  : 'jtag frequency' command is executed.
12:57:20 INFO  : Sourcing of 'C:/Users/Bakuboys101/Desktop/Jr_Year_Spring/Lab_1/Lab_1.sdk/Lab_1_wrapper_hw_platform_0/ps7_init.tcl' is done.
12:57:20 INFO  : 'targets -set -filter {jtag_cable_name =~ "Xilinx PYNQ-Z1 003017A8B9E3A" && level==0} -index 1' command is executed.
12:57:23 INFO  : FPGA configured successfully with bitstream "C:/Users/Bakuboys101/Desktop/Jr_Year_Spring/Lab_1/Lab_1.sdk/Lab_1_wrapper_hw_platform_0/Lab_1_wrapper.bit"
12:57:23 INFO  : Context for 'APU' is selected.
12:57:24 INFO  : Hardware design information is loaded from 'C:/Users/Bakuboys101/Desktop/Jr_Year_Spring/Lab_1/Lab_1.sdk/Lab_1_wrapper_hw_platform_0/system.hdf'.
12:57:24 INFO  : 'configparams force-mem-access 1' command is executed.
12:57:24 INFO  : Context for 'APU' is selected.
12:57:24 INFO  : 'stop' command is executed.
12:57:24 INFO  : 'ps7_init' command is executed.
12:57:24 INFO  : 'ps7_post_config' command is executed.
12:57:24 INFO  : Context for processor 'ps7_cortexa9_0' is selected.
12:57:24 INFO  : Processor reset is completed for 'ps7_cortexa9_0'.
12:57:24 INFO  : Context for processor 'ps7_cortexa9_0' is selected.
12:57:24 INFO  : The application 'C:/Users/Bakuboys101/Desktop/Jr_Year_Spring/Lab_1/Lab_1.sdk/FullAdder/Debug/FullAdder.elf' is downloaded to processor 'ps7_cortexa9_0'.
12:57:24 INFO  : 'configparams force-mem-access 0' command is executed.
12:57:24 INFO  : ----------------XSDB Script----------------
connect -url tcp:127.0.0.1:3121
source C:/Users/Bakuboys101/Desktop/Jr_Year_Spring/Lab_1/Lab_1.sdk/Lab_1_wrapper_hw_platform_0/ps7_init.tcl
targets -set -filter {jtag_cable_name =~ "Xilinx PYNQ-Z1 003017A8B9E3A" && level==0} -index 1
fpga -file C:/Users/Bakuboys101/Desktop/Jr_Year_Spring/Lab_1/Lab_1.sdk/Lab_1_wrapper_hw_platform_0/Lab_1_wrapper.bit
targets -set -nocase -filter {name =~"APU*" && jtag_cable_name =~ "Xilinx PYNQ-Z1 003017A8B9E3A"} -index 0
loadhw -hw C:/Users/Bakuboys101/Desktop/Jr_Year_Spring/Lab_1/Lab_1.sdk/Lab_1_wrapper_hw_platform_0/system.hdf -mem-ranges [list {0x40000000 0xbfffffff}]
configparams force-mem-access 1
targets -set -nocase -filter {name =~"APU*" && jtag_cable_name =~ "Xilinx PYNQ-Z1 003017A8B9E3A"} -index 0
stop
ps7_init
ps7_post_config
targets -set -nocase -filter {name =~ "ARM*#0" && jtag_cable_name =~ "Xilinx PYNQ-Z1 003017A8B9E3A"} -index 0
rst -processor
targets -set -nocase -filter {name =~ "ARM*#0" && jtag_cable_name =~ "Xilinx PYNQ-Z1 003017A8B9E3A"} -index 0
dow C:/Users/Bakuboys101/Desktop/Jr_Year_Spring/Lab_1/Lab_1.sdk/FullAdder/Debug/FullAdder.elf
configparams force-mem-access 0
----------------End of Script----------------

12:57:24 INFO  : Memory regions updated for context APU
12:57:24 INFO  : Context for processor 'ps7_cortexa9_0' is selected.
12:57:24 INFO  : 'con' command is executed.
12:57:24 INFO  : ----------------XSDB Script (After Launch)----------------
targets -set -nocase -filter {name =~ "ARM*#0" && jtag_cable_name =~ "Xilinx PYNQ-Z1 003017A8B9E3A"} -index 0
con
----------------End of Script----------------

12:57:24 INFO  : Launch script is exported to file 'C:\Users\Bakuboys101\Desktop\Jr_Year_Spring\Lab_1\Lab_1.sdk\.sdk\launch_scripts\xilinx_c-c++_application_(system_debugger)\system_debugger_using_debug_fulladder.elf_on_local.tcl'
12:58:43 INFO  : Disconnected from the channel tcfchan#5.
12:58:44 INFO  : Connected to target on host '127.0.0.1' and port '3121'.
12:58:44 INFO  : Jtag cable 'Xilinx PYNQ-Z1 003017A8B9E3A' is selected.
12:58:44 INFO  : 'jtag frequency' command is executed.
12:58:44 INFO  : Sourcing of 'C:/Users/Bakuboys101/Desktop/Jr_Year_Spring/Lab_1/Lab_1.sdk/Lab_1_wrapper_hw_platform_0/ps7_init.tcl' is done.
12:58:44 INFO  : 'targets -set -filter {jtag_cable_name =~ "Xilinx PYNQ-Z1 003017A8B9E3A" && level==0} -index 1' command is executed.
12:58:46 INFO  : FPGA configured successfully with bitstream "C:/Users/Bakuboys101/Desktop/Jr_Year_Spring/Lab_1/Lab_1.sdk/Lab_1_wrapper_hw_platform_0/Lab_1_wrapper.bit"
12:58:46 INFO  : Context for 'APU' is selected.
12:58:47 INFO  : Hardware design information is loaded from 'C:/Users/Bakuboys101/Desktop/Jr_Year_Spring/Lab_1/Lab_1.sdk/Lab_1_wrapper_hw_platform_0/system.hdf'.
12:58:47 INFO  : 'configparams force-mem-access 1' command is executed.
12:58:47 INFO  : Context for 'APU' is selected.
12:58:47 INFO  : 'stop' command is executed.
12:58:48 INFO  : 'ps7_init' command is executed.
12:58:48 INFO  : 'ps7_post_config' command is executed.
12:58:48 INFO  : Context for processor 'ps7_cortexa9_0' is selected.
12:58:48 INFO  : Processor reset is completed for 'ps7_cortexa9_0'.
12:58:48 INFO  : Context for processor 'ps7_cortexa9_0' is selected.
12:58:48 INFO  : The application 'C:/Users/Bakuboys101/Desktop/Jr_Year_Spring/Lab_1/Lab_1.sdk/FullAdder/Debug/FullAdder.elf' is downloaded to processor 'ps7_cortexa9_0'.
12:58:48 INFO  : 'configparams force-mem-access 0' command is executed.
12:58:48 INFO  : ----------------XSDB Script----------------
connect -url tcp:127.0.0.1:3121
source C:/Users/Bakuboys101/Desktop/Jr_Year_Spring/Lab_1/Lab_1.sdk/Lab_1_wrapper_hw_platform_0/ps7_init.tcl
targets -set -filter {jtag_cable_name =~ "Xilinx PYNQ-Z1 003017A8B9E3A" && level==0} -index 1
fpga -file C:/Users/Bakuboys101/Desktop/Jr_Year_Spring/Lab_1/Lab_1.sdk/Lab_1_wrapper_hw_platform_0/Lab_1_wrapper.bit
targets -set -nocase -filter {name =~"APU*" && jtag_cable_name =~ "Xilinx PYNQ-Z1 003017A8B9E3A"} -index 0
loadhw -hw C:/Users/Bakuboys101/Desktop/Jr_Year_Spring/Lab_1/Lab_1.sdk/Lab_1_wrapper_hw_platform_0/system.hdf -mem-ranges [list {0x40000000 0xbfffffff}]
configparams force-mem-access 1
targets -set -nocase -filter {name =~"APU*" && jtag_cable_name =~ "Xilinx PYNQ-Z1 003017A8B9E3A"} -index 0
stop
ps7_init
ps7_post_config
targets -set -nocase -filter {name =~ "ARM*#0" && jtag_cable_name =~ "Xilinx PYNQ-Z1 003017A8B9E3A"} -index 0
rst -processor
targets -set -nocase -filter {name =~ "ARM*#0" && jtag_cable_name =~ "Xilinx PYNQ-Z1 003017A8B9E3A"} -index 0
dow C:/Users/Bakuboys101/Desktop/Jr_Year_Spring/Lab_1/Lab_1.sdk/FullAdder/Debug/FullAdder.elf
configparams force-mem-access 0
----------------End of Script----------------

12:58:48 INFO  : Memory regions updated for context APU
12:58:48 INFO  : Context for processor 'ps7_cortexa9_0' is selected.
12:58:48 INFO  : 'con' command is executed.
12:58:48 INFO  : ----------------XSDB Script (After Launch)----------------
targets -set -nocase -filter {name =~ "ARM*#0" && jtag_cable_name =~ "Xilinx PYNQ-Z1 003017A8B9E3A"} -index 0
con
----------------End of Script----------------

12:58:48 INFO  : Launch script is exported to file 'C:\Users\Bakuboys101\Desktop\Jr_Year_Spring\Lab_1\Lab_1.sdk\.sdk\launch_scripts\xilinx_c-c++_application_(system_debugger)\system_debugger_using_debug_fulladder.elf_on_local.tcl'
13:00:08 INFO  : Disconnected from the channel tcfchan#6.
13:00:09 INFO  : Connected to target on host '127.0.0.1' and port '3121'.
13:00:09 INFO  : Jtag cable 'Xilinx PYNQ-Z1 003017A8B9E3A' is selected.
13:00:09 INFO  : 'jtag frequency' command is executed.
13:00:09 INFO  : Sourcing of 'C:/Users/Bakuboys101/Desktop/Jr_Year_Spring/Lab_1/Lab_1.sdk/Lab_1_wrapper_hw_platform_0/ps7_init.tcl' is done.
13:00:09 INFO  : 'targets -set -filter {jtag_cable_name =~ "Xilinx PYNQ-Z1 003017A8B9E3A" && level==0} -index 1' command is executed.
13:00:11 INFO  : FPGA configured successfully with bitstream "C:/Users/Bakuboys101/Desktop/Jr_Year_Spring/Lab_1/Lab_1.sdk/Lab_1_wrapper_hw_platform_0/Lab_1_wrapper.bit"
13:00:11 INFO  : Context for 'APU' is selected.
13:00:12 INFO  : Hardware design information is loaded from 'C:/Users/Bakuboys101/Desktop/Jr_Year_Spring/Lab_1/Lab_1.sdk/Lab_1_wrapper_hw_platform_0/system.hdf'.
13:00:12 INFO  : 'configparams force-mem-access 1' command is executed.
13:00:12 INFO  : Context for 'APU' is selected.
13:00:12 INFO  : 'stop' command is executed.
13:00:13 INFO  : 'ps7_init' command is executed.
13:00:13 INFO  : 'ps7_post_config' command is executed.
13:00:13 INFO  : Context for processor 'ps7_cortexa9_0' is selected.
13:00:13 INFO  : Processor reset is completed for 'ps7_cortexa9_0'.
13:00:13 INFO  : Context for processor 'ps7_cortexa9_0' is selected.
13:00:13 INFO  : The application 'C:/Users/Bakuboys101/Desktop/Jr_Year_Spring/Lab_1/Lab_1.sdk/FullAdder/Debug/FullAdder.elf' is downloaded to processor 'ps7_cortexa9_0'.
13:00:13 INFO  : 'configparams force-mem-access 0' command is executed.
13:00:13 INFO  : ----------------XSDB Script----------------
connect -url tcp:127.0.0.1:3121
source C:/Users/Bakuboys101/Desktop/Jr_Year_Spring/Lab_1/Lab_1.sdk/Lab_1_wrapper_hw_platform_0/ps7_init.tcl
targets -set -filter {jtag_cable_name =~ "Xilinx PYNQ-Z1 003017A8B9E3A" && level==0} -index 1
fpga -file C:/Users/Bakuboys101/Desktop/Jr_Year_Spring/Lab_1/Lab_1.sdk/Lab_1_wrapper_hw_platform_0/Lab_1_wrapper.bit
targets -set -nocase -filter {name =~"APU*" && jtag_cable_name =~ "Xilinx PYNQ-Z1 003017A8B9E3A"} -index 0
loadhw -hw C:/Users/Bakuboys101/Desktop/Jr_Year_Spring/Lab_1/Lab_1.sdk/Lab_1_wrapper_hw_platform_0/system.hdf -mem-ranges [list {0x40000000 0xbfffffff}]
configparams force-mem-access 1
targets -set -nocase -filter {name =~"APU*" && jtag_cable_name =~ "Xilinx PYNQ-Z1 003017A8B9E3A"} -index 0
stop
ps7_init
ps7_post_config
targets -set -nocase -filter {name =~ "ARM*#0" && jtag_cable_name =~ "Xilinx PYNQ-Z1 003017A8B9E3A"} -index 0
rst -processor
targets -set -nocase -filter {name =~ "ARM*#0" && jtag_cable_name =~ "Xilinx PYNQ-Z1 003017A8B9E3A"} -index 0
dow C:/Users/Bakuboys101/Desktop/Jr_Year_Spring/Lab_1/Lab_1.sdk/FullAdder/Debug/FullAdder.elf
configparams force-mem-access 0
----------------End of Script----------------

13:00:13 INFO  : Memory regions updated for context APU
13:00:13 INFO  : Context for processor 'ps7_cortexa9_0' is selected.
13:00:13 INFO  : 'con' command is executed.
13:00:13 INFO  : ----------------XSDB Script (After Launch)----------------
targets -set -nocase -filter {name =~ "ARM*#0" && jtag_cable_name =~ "Xilinx PYNQ-Z1 003017A8B9E3A"} -index 0
con
----------------End of Script----------------

13:00:13 INFO  : Launch script is exported to file 'C:\Users\Bakuboys101\Desktop\Jr_Year_Spring\Lab_1\Lab_1.sdk\.sdk\launch_scripts\xilinx_c-c++_application_(system_debugger)\system_debugger_using_debug_fulladder.elf_on_local.tcl'
13:03:19 INFO  : Disconnected from the channel tcfchan#7.
13:03:20 INFO  : Connected to target on host '127.0.0.1' and port '3121'.
13:03:20 INFO  : Jtag cable 'Xilinx PYNQ-Z1 003017A8B9E3A' is selected.
13:03:20 INFO  : 'jtag frequency' command is executed.
13:03:20 INFO  : Sourcing of 'C:/Users/Bakuboys101/Desktop/Jr_Year_Spring/Lab_1/Lab_1.sdk/Lab_1_wrapper_hw_platform_0/ps7_init.tcl' is done.
13:03:20 INFO  : 'targets -set -filter {jtag_cable_name =~ "Xilinx PYNQ-Z1 003017A8B9E3A" && level==0} -index 1' command is executed.
13:03:23 INFO  : FPGA configured successfully with bitstream "C:/Users/Bakuboys101/Desktop/Jr_Year_Spring/Lab_1/Lab_1.sdk/Lab_1_wrapper_hw_platform_0/Lab_1_wrapper.bit"
13:03:23 INFO  : Context for 'APU' is selected.
13:03:24 INFO  : Hardware design information is loaded from 'C:/Users/Bakuboys101/Desktop/Jr_Year_Spring/Lab_1/Lab_1.sdk/Lab_1_wrapper_hw_platform_0/system.hdf'.
13:03:24 INFO  : 'configparams force-mem-access 1' command is executed.
13:03:24 INFO  : Context for 'APU' is selected.
13:03:24 INFO  : 'stop' command is executed.
13:03:24 INFO  : 'ps7_init' command is executed.
13:03:24 INFO  : 'ps7_post_config' command is executed.
13:03:24 INFO  : Context for processor 'ps7_cortexa9_0' is selected.
13:03:24 INFO  : Processor reset is completed for 'ps7_cortexa9_0'.
13:03:24 INFO  : Context for processor 'ps7_cortexa9_0' is selected.
13:03:24 INFO  : The application 'C:/Users/Bakuboys101/Desktop/Jr_Year_Spring/Lab_1/Lab_1.sdk/FullAdder/Debug/FullAdder.elf' is downloaded to processor 'ps7_cortexa9_0'.
13:03:24 INFO  : 'configparams force-mem-access 0' command is executed.
13:03:24 INFO  : ----------------XSDB Script----------------
connect -url tcp:127.0.0.1:3121
source C:/Users/Bakuboys101/Desktop/Jr_Year_Spring/Lab_1/Lab_1.sdk/Lab_1_wrapper_hw_platform_0/ps7_init.tcl
targets -set -filter {jtag_cable_name =~ "Xilinx PYNQ-Z1 003017A8B9E3A" && level==0} -index 1
fpga -file C:/Users/Bakuboys101/Desktop/Jr_Year_Spring/Lab_1/Lab_1.sdk/Lab_1_wrapper_hw_platform_0/Lab_1_wrapper.bit
targets -set -nocase -filter {name =~"APU*" && jtag_cable_name =~ "Xilinx PYNQ-Z1 003017A8B9E3A"} -index 0
loadhw -hw C:/Users/Bakuboys101/Desktop/Jr_Year_Spring/Lab_1/Lab_1.sdk/Lab_1_wrapper_hw_platform_0/system.hdf -mem-ranges [list {0x40000000 0xbfffffff}]
configparams force-mem-access 1
targets -set -nocase -filter {name =~"APU*" && jtag_cable_name =~ "Xilinx PYNQ-Z1 003017A8B9E3A"} -index 0
stop
ps7_init
ps7_post_config
targets -set -nocase -filter {name =~ "ARM*#0" && jtag_cable_name =~ "Xilinx PYNQ-Z1 003017A8B9E3A"} -index 0
rst -processor
targets -set -nocase -filter {name =~ "ARM*#0" && jtag_cable_name =~ "Xilinx PYNQ-Z1 003017A8B9E3A"} -index 0
dow C:/Users/Bakuboys101/Desktop/Jr_Year_Spring/Lab_1/Lab_1.sdk/FullAdder/Debug/FullAdder.elf
configparams force-mem-access 0
----------------End of Script----------------

13:03:24 INFO  : Memory regions updated for context APU
13:03:24 INFO  : Context for processor 'ps7_cortexa9_0' is selected.
13:03:24 INFO  : 'con' command is executed.
13:03:24 INFO  : ----------------XSDB Script (After Launch)----------------
targets -set -nocase -filter {name =~ "ARM*#0" && jtag_cable_name =~ "Xilinx PYNQ-Z1 003017A8B9E3A"} -index 0
con
----------------End of Script----------------

13:03:24 INFO  : Launch script is exported to file 'C:\Users\Bakuboys101\Desktop\Jr_Year_Spring\Lab_1\Lab_1.sdk\.sdk\launch_scripts\xilinx_c-c++_application_(system_debugger)\system_debugger_using_debug_fulladder.elf_on_local.tcl'
13:05:09 INFO  : Disconnected from the channel tcfchan#8.
13:05:10 INFO  : Connected to target on host '127.0.0.1' and port '3121'.
13:05:11 INFO  : Jtag cable 'Xilinx PYNQ-Z1 003017A8B9E3A' is selected.
13:05:11 INFO  : 'jtag frequency' command is executed.
13:05:11 INFO  : Sourcing of 'C:/Users/Bakuboys101/Desktop/Jr_Year_Spring/Lab_1/Lab_1.sdk/Lab_1_wrapper_hw_platform_0/ps7_init.tcl' is done.
13:05:11 INFO  : 'targets -set -filter {jtag_cable_name =~ "Xilinx PYNQ-Z1 003017A8B9E3A" && level==0} -index 1' command is executed.
13:05:13 INFO  : FPGA configured successfully with bitstream "C:/Users/Bakuboys101/Desktop/Jr_Year_Spring/Lab_1/Lab_1.sdk/Lab_1_wrapper_hw_platform_0/Lab_1_wrapper.bit"
13:05:13 INFO  : Context for 'APU' is selected.
13:05:14 INFO  : Hardware design information is loaded from 'C:/Users/Bakuboys101/Desktop/Jr_Year_Spring/Lab_1/Lab_1.sdk/Lab_1_wrapper_hw_platform_0/system.hdf'.
13:05:14 INFO  : 'configparams force-mem-access 1' command is executed.
13:05:14 INFO  : Context for 'APU' is selected.
13:05:14 INFO  : 'stop' command is executed.
13:05:14 INFO  : 'ps7_init' command is executed.
13:05:14 INFO  : 'ps7_post_config' command is executed.
13:05:14 INFO  : Context for processor 'ps7_cortexa9_0' is selected.
13:05:14 INFO  : Processor reset is completed for 'ps7_cortexa9_0'.
13:05:15 INFO  : Context for processor 'ps7_cortexa9_0' is selected.
13:05:15 INFO  : The application 'C:/Users/Bakuboys101/Desktop/Jr_Year_Spring/Lab_1/Lab_1.sdk/FullAdder/Debug/FullAdder.elf' is downloaded to processor 'ps7_cortexa9_0'.
13:05:15 INFO  : 'configparams force-mem-access 0' command is executed.
13:05:15 INFO  : ----------------XSDB Script----------------
connect -url tcp:127.0.0.1:3121
source C:/Users/Bakuboys101/Desktop/Jr_Year_Spring/Lab_1/Lab_1.sdk/Lab_1_wrapper_hw_platform_0/ps7_init.tcl
targets -set -filter {jtag_cable_name =~ "Xilinx PYNQ-Z1 003017A8B9E3A" && level==0} -index 1
fpga -file C:/Users/Bakuboys101/Desktop/Jr_Year_Spring/Lab_1/Lab_1.sdk/Lab_1_wrapper_hw_platform_0/Lab_1_wrapper.bit
targets -set -nocase -filter {name =~"APU*" && jtag_cable_name =~ "Xilinx PYNQ-Z1 003017A8B9E3A"} -index 0
loadhw -hw C:/Users/Bakuboys101/Desktop/Jr_Year_Spring/Lab_1/Lab_1.sdk/Lab_1_wrapper_hw_platform_0/system.hdf -mem-ranges [list {0x40000000 0xbfffffff}]
configparams force-mem-access 1
targets -set -nocase -filter {name =~"APU*" && jtag_cable_name =~ "Xilinx PYNQ-Z1 003017A8B9E3A"} -index 0
stop
ps7_init
ps7_post_config
targets -set -nocase -filter {name =~ "ARM*#0" && jtag_cable_name =~ "Xilinx PYNQ-Z1 003017A8B9E3A"} -index 0
rst -processor
targets -set -nocase -filter {name =~ "ARM*#0" && jtag_cable_name =~ "Xilinx PYNQ-Z1 003017A8B9E3A"} -index 0
dow C:/Users/Bakuboys101/Desktop/Jr_Year_Spring/Lab_1/Lab_1.sdk/FullAdder/Debug/FullAdder.elf
configparams force-mem-access 0
----------------End of Script----------------

13:05:15 INFO  : Memory regions updated for context APU
13:05:15 INFO  : Context for processor 'ps7_cortexa9_0' is selected.
13:05:15 INFO  : 'con' command is executed.
13:05:15 INFO  : ----------------XSDB Script (After Launch)----------------
targets -set -nocase -filter {name =~ "ARM*#0" && jtag_cable_name =~ "Xilinx PYNQ-Z1 003017A8B9E3A"} -index 0
con
----------------End of Script----------------

13:05:15 INFO  : Launch script is exported to file 'C:\Users\Bakuboys101\Desktop\Jr_Year_Spring\Lab_1\Lab_1.sdk\.sdk\launch_scripts\xilinx_c-c++_application_(system_debugger)\system_debugger_using_debug_fulladder.elf_on_local.tcl'
13:06:07 INFO  : Disconnected from the channel tcfchan#9.
13:06:08 INFO  : Connected to target on host '127.0.0.1' and port '3121'.
13:06:08 INFO  : Jtag cable 'Xilinx PYNQ-Z1 003017A8B9E3A' is selected.
13:06:08 INFO  : 'jtag frequency' command is executed.
13:06:08 INFO  : Sourcing of 'C:/Users/Bakuboys101/Desktop/Jr_Year_Spring/Lab_1/Lab_1.sdk/Lab_1_wrapper_hw_platform_0/ps7_init.tcl' is done.
13:06:08 INFO  : 'targets -set -filter {jtag_cable_name =~ "Xilinx PYNQ-Z1 003017A8B9E3A" && level==0} -index 1' command is executed.
13:06:11 INFO  : FPGA configured successfully with bitstream "C:/Users/Bakuboys101/Desktop/Jr_Year_Spring/Lab_1/Lab_1.sdk/Lab_1_wrapper_hw_platform_0/Lab_1_wrapper.bit"
13:06:11 INFO  : Context for 'APU' is selected.
13:06:12 INFO  : Hardware design information is loaded from 'C:/Users/Bakuboys101/Desktop/Jr_Year_Spring/Lab_1/Lab_1.sdk/Lab_1_wrapper_hw_platform_0/system.hdf'.
13:06:12 INFO  : 'configparams force-mem-access 1' command is executed.
13:06:12 INFO  : Context for 'APU' is selected.
13:06:12 INFO  : 'stop' command is executed.
13:06:12 INFO  : 'ps7_init' command is executed.
13:06:12 INFO  : 'ps7_post_config' command is executed.
13:06:12 INFO  : Context for processor 'ps7_cortexa9_0' is selected.
13:06:12 INFO  : Processor reset is completed for 'ps7_cortexa9_0'.
13:06:12 INFO  : Context for processor 'ps7_cortexa9_0' is selected.
13:06:12 INFO  : The application 'C:/Users/Bakuboys101/Desktop/Jr_Year_Spring/Lab_1/Lab_1.sdk/FullAdder/Debug/FullAdder.elf' is downloaded to processor 'ps7_cortexa9_0'.
13:06:12 INFO  : 'configparams force-mem-access 0' command is executed.
13:06:12 INFO  : ----------------XSDB Script----------------
connect -url tcp:127.0.0.1:3121
source C:/Users/Bakuboys101/Desktop/Jr_Year_Spring/Lab_1/Lab_1.sdk/Lab_1_wrapper_hw_platform_0/ps7_init.tcl
targets -set -filter {jtag_cable_name =~ "Xilinx PYNQ-Z1 003017A8B9E3A" && level==0} -index 1
fpga -file C:/Users/Bakuboys101/Desktop/Jr_Year_Spring/Lab_1/Lab_1.sdk/Lab_1_wrapper_hw_platform_0/Lab_1_wrapper.bit
targets -set -nocase -filter {name =~"APU*" && jtag_cable_name =~ "Xilinx PYNQ-Z1 003017A8B9E3A"} -index 0
loadhw -hw C:/Users/Bakuboys101/Desktop/Jr_Year_Spring/Lab_1/Lab_1.sdk/Lab_1_wrapper_hw_platform_0/system.hdf -mem-ranges [list {0x40000000 0xbfffffff}]
configparams force-mem-access 1
targets -set -nocase -filter {name =~"APU*" && jtag_cable_name =~ "Xilinx PYNQ-Z1 003017A8B9E3A"} -index 0
stop
ps7_init
ps7_post_config
targets -set -nocase -filter {name =~ "ARM*#0" && jtag_cable_name =~ "Xilinx PYNQ-Z1 003017A8B9E3A"} -index 0
rst -processor
targets -set -nocase -filter {name =~ "ARM*#0" && jtag_cable_name =~ "Xilinx PYNQ-Z1 003017A8B9E3A"} -index 0
dow C:/Users/Bakuboys101/Desktop/Jr_Year_Spring/Lab_1/Lab_1.sdk/FullAdder/Debug/FullAdder.elf
configparams force-mem-access 0
----------------End of Script----------------

13:06:12 INFO  : Memory regions updated for context APU
13:06:12 INFO  : Context for processor 'ps7_cortexa9_0' is selected.
13:06:12 INFO  : 'con' command is executed.
13:06:12 INFO  : ----------------XSDB Script (After Launch)----------------
targets -set -nocase -filter {name =~ "ARM*#0" && jtag_cable_name =~ "Xilinx PYNQ-Z1 003017A8B9E3A"} -index 0
con
----------------End of Script----------------

13:06:12 INFO  : Launch script is exported to file 'C:\Users\Bakuboys101\Desktop\Jr_Year_Spring\Lab_1\Lab_1.sdk\.sdk\launch_scripts\xilinx_c-c++_application_(system_debugger)\system_debugger_using_debug_fulladder.elf_on_local.tcl'
13:06:50 INFO  : Disconnected from the channel tcfchan#10.
13:06:51 INFO  : Connected to target on host '127.0.0.1' and port '3121'.
13:06:51 INFO  : Jtag cable 'Xilinx PYNQ-Z1 003017A8B9E3A' is selected.
13:06:51 INFO  : 'jtag frequency' command is executed.
13:06:51 INFO  : Sourcing of 'C:/Users/Bakuboys101/Desktop/Jr_Year_Spring/Lab_1/Lab_1.sdk/Lab_1_wrapper_hw_platform_0/ps7_init.tcl' is done.
13:06:51 INFO  : 'targets -set -filter {jtag_cable_name =~ "Xilinx PYNQ-Z1 003017A8B9E3A" && level==0} -index 1' command is executed.
13:06:53 INFO  : FPGA configured successfully with bitstream "C:/Users/Bakuboys101/Desktop/Jr_Year_Spring/Lab_1/Lab_1.sdk/Lab_1_wrapper_hw_platform_0/Lab_1_wrapper.bit"
13:06:53 INFO  : Context for 'APU' is selected.
13:06:54 INFO  : Hardware design information is loaded from 'C:/Users/Bakuboys101/Desktop/Jr_Year_Spring/Lab_1/Lab_1.sdk/Lab_1_wrapper_hw_platform_0/system.hdf'.
13:06:54 INFO  : 'configparams force-mem-access 1' command is executed.
13:06:54 INFO  : Context for 'APU' is selected.
13:06:54 INFO  : 'stop' command is executed.
13:06:55 INFO  : 'ps7_init' command is executed.
13:06:55 INFO  : 'ps7_post_config' command is executed.
13:06:55 INFO  : Context for processor 'ps7_cortexa9_0' is selected.
13:06:55 INFO  : Processor reset is completed for 'ps7_cortexa9_0'.
13:06:55 INFO  : Context for processor 'ps7_cortexa9_0' is selected.
13:06:55 INFO  : The application 'C:/Users/Bakuboys101/Desktop/Jr_Year_Spring/Lab_1/Lab_1.sdk/FullAdder/Debug/FullAdder.elf' is downloaded to processor 'ps7_cortexa9_0'.
13:06:55 INFO  : 'configparams force-mem-access 0' command is executed.
13:06:55 INFO  : ----------------XSDB Script----------------
connect -url tcp:127.0.0.1:3121
source C:/Users/Bakuboys101/Desktop/Jr_Year_Spring/Lab_1/Lab_1.sdk/Lab_1_wrapper_hw_platform_0/ps7_init.tcl
targets -set -filter {jtag_cable_name =~ "Xilinx PYNQ-Z1 003017A8B9E3A" && level==0} -index 1
fpga -file C:/Users/Bakuboys101/Desktop/Jr_Year_Spring/Lab_1/Lab_1.sdk/Lab_1_wrapper_hw_platform_0/Lab_1_wrapper.bit
targets -set -nocase -filter {name =~"APU*" && jtag_cable_name =~ "Xilinx PYNQ-Z1 003017A8B9E3A"} -index 0
loadhw -hw C:/Users/Bakuboys101/Desktop/Jr_Year_Spring/Lab_1/Lab_1.sdk/Lab_1_wrapper_hw_platform_0/system.hdf -mem-ranges [list {0x40000000 0xbfffffff}]
configparams force-mem-access 1
targets -set -nocase -filter {name =~"APU*" && jtag_cable_name =~ "Xilinx PYNQ-Z1 003017A8B9E3A"} -index 0
stop
ps7_init
ps7_post_config
targets -set -nocase -filter {name =~ "ARM*#0" && jtag_cable_name =~ "Xilinx PYNQ-Z1 003017A8B9E3A"} -index 0
rst -processor
targets -set -nocase -filter {name =~ "ARM*#0" && jtag_cable_name =~ "Xilinx PYNQ-Z1 003017A8B9E3A"} -index 0
dow C:/Users/Bakuboys101/Desktop/Jr_Year_Spring/Lab_1/Lab_1.sdk/FullAdder/Debug/FullAdder.elf
configparams force-mem-access 0
----------------End of Script----------------

13:06:55 INFO  : Memory regions updated for context APU
13:06:55 INFO  : Context for processor 'ps7_cortexa9_0' is selected.
13:06:55 INFO  : 'con' command is executed.
13:06:55 INFO  : ----------------XSDB Script (After Launch)----------------
targets -set -nocase -filter {name =~ "ARM*#0" && jtag_cable_name =~ "Xilinx PYNQ-Z1 003017A8B9E3A"} -index 0
con
----------------End of Script----------------

13:06:55 INFO  : Launch script is exported to file 'C:\Users\Bakuboys101\Desktop\Jr_Year_Spring\Lab_1\Lab_1.sdk\.sdk\launch_scripts\xilinx_c-c++_application_(system_debugger)\system_debugger_using_debug_fulladder.elf_on_local.tcl'
13:14:16 INFO  : Disconnected from the channel tcfchan#11.
13:14:17 INFO  : Connected to target on host '127.0.0.1' and port '3121'.
13:14:17 INFO  : Jtag cable 'Xilinx PYNQ-Z1 003017A8B9E3A' is selected.
13:14:17 INFO  : 'jtag frequency' command is executed.
13:14:17 INFO  : Sourcing of 'C:/Users/Bakuboys101/Desktop/Jr_Year_Spring/Lab_1/Lab_1.sdk/Lab_1_wrapper_hw_platform_0/ps7_init.tcl' is done.
13:14:17 INFO  : 'targets -set -filter {jtag_cable_name =~ "Xilinx PYNQ-Z1 003017A8B9E3A" && level==0} -index 1' command is executed.
13:14:20 INFO  : FPGA configured successfully with bitstream "C:/Users/Bakuboys101/Desktop/Jr_Year_Spring/Lab_1/Lab_1.sdk/Lab_1_wrapper_hw_platform_0/Lab_1_wrapper.bit"
13:14:20 INFO  : Context for 'APU' is selected.
13:14:21 INFO  : Hardware design information is loaded from 'C:/Users/Bakuboys101/Desktop/Jr_Year_Spring/Lab_1/Lab_1.sdk/Lab_1_wrapper_hw_platform_0/system.hdf'.
13:14:21 INFO  : 'configparams force-mem-access 1' command is executed.
13:14:21 INFO  : Context for 'APU' is selected.
13:14:21 INFO  : 'stop' command is executed.
13:14:21 INFO  : 'ps7_init' command is executed.
13:14:21 INFO  : 'ps7_post_config' command is executed.
13:14:21 INFO  : Context for processor 'ps7_cortexa9_0' is selected.
13:14:21 INFO  : Processor reset is completed for 'ps7_cortexa9_0'.
13:14:21 INFO  : Context for processor 'ps7_cortexa9_0' is selected.
13:14:21 INFO  : The application 'C:/Users/Bakuboys101/Desktop/Jr_Year_Spring/Lab_1/Lab_1.sdk/FullAdder/Debug/FullAdder.elf' is downloaded to processor 'ps7_cortexa9_0'.
13:14:21 INFO  : 'configparams force-mem-access 0' command is executed.
13:14:21 INFO  : ----------------XSDB Script----------------
connect -url tcp:127.0.0.1:3121
source C:/Users/Bakuboys101/Desktop/Jr_Year_Spring/Lab_1/Lab_1.sdk/Lab_1_wrapper_hw_platform_0/ps7_init.tcl
targets -set -filter {jtag_cable_name =~ "Xilinx PYNQ-Z1 003017A8B9E3A" && level==0} -index 1
fpga -file C:/Users/Bakuboys101/Desktop/Jr_Year_Spring/Lab_1/Lab_1.sdk/Lab_1_wrapper_hw_platform_0/Lab_1_wrapper.bit
targets -set -nocase -filter {name =~"APU*" && jtag_cable_name =~ "Xilinx PYNQ-Z1 003017A8B9E3A"} -index 0
loadhw -hw C:/Users/Bakuboys101/Desktop/Jr_Year_Spring/Lab_1/Lab_1.sdk/Lab_1_wrapper_hw_platform_0/system.hdf -mem-ranges [list {0x40000000 0xbfffffff}]
configparams force-mem-access 1
targets -set -nocase -filter {name =~"APU*" && jtag_cable_name =~ "Xilinx PYNQ-Z1 003017A8B9E3A"} -index 0
stop
ps7_init
ps7_post_config
targets -set -nocase -filter {name =~ "ARM*#0" && jtag_cable_name =~ "Xilinx PYNQ-Z1 003017A8B9E3A"} -index 0
rst -processor
targets -set -nocase -filter {name =~ "ARM*#0" && jtag_cable_name =~ "Xilinx PYNQ-Z1 003017A8B9E3A"} -index 0
dow C:/Users/Bakuboys101/Desktop/Jr_Year_Spring/Lab_1/Lab_1.sdk/FullAdder/Debug/FullAdder.elf
configparams force-mem-access 0
----------------End of Script----------------

13:14:21 INFO  : Memory regions updated for context APU
13:14:22 INFO  : Context for processor 'ps7_cortexa9_0' is selected.
13:14:22 INFO  : 'con' command is executed.
13:14:22 INFO  : ----------------XSDB Script (After Launch)----------------
targets -set -nocase -filter {name =~ "ARM*#0" && jtag_cable_name =~ "Xilinx PYNQ-Z1 003017A8B9E3A"} -index 0
con
----------------End of Script----------------

13:14:22 INFO  : Launch script is exported to file 'C:\Users\Bakuboys101\Desktop\Jr_Year_Spring\Lab_1\Lab_1.sdk\.sdk\launch_scripts\xilinx_c-c++_application_(system_debugger)\system_debugger_using_debug_fulladder.elf_on_local.tcl'
13:16:50 INFO  : Disconnected from the channel tcfchan#12.
13:16:51 INFO  : Connected to target on host '127.0.0.1' and port '3121'.
13:16:52 INFO  : Jtag cable 'Xilinx PYNQ-Z1 003017A8B9E3A' is selected.
13:16:52 INFO  : 'jtag frequency' command is executed.
13:16:52 INFO  : Sourcing of 'C:/Users/Bakuboys101/Desktop/Jr_Year_Spring/Lab_1/Lab_1.sdk/Lab_1_wrapper_hw_platform_0/ps7_init.tcl' is done.
13:16:52 INFO  : 'targets -set -filter {jtag_cable_name =~ "Xilinx PYNQ-Z1 003017A8B9E3A" && level==0} -index 1' command is executed.
13:16:54 INFO  : FPGA configured successfully with bitstream "C:/Users/Bakuboys101/Desktop/Jr_Year_Spring/Lab_1/Lab_1.sdk/Lab_1_wrapper_hw_platform_0/Lab_1_wrapper.bit"
13:16:54 INFO  : Context for 'APU' is selected.
13:16:55 INFO  : Hardware design information is loaded from 'C:/Users/Bakuboys101/Desktop/Jr_Year_Spring/Lab_1/Lab_1.sdk/Lab_1_wrapper_hw_platform_0/system.hdf'.
13:16:55 INFO  : 'configparams force-mem-access 1' command is executed.
13:16:55 INFO  : Context for 'APU' is selected.
13:16:55 INFO  : 'stop' command is executed.
13:16:56 INFO  : 'ps7_init' command is executed.
13:16:56 INFO  : 'ps7_post_config' command is executed.
13:16:56 INFO  : Context for processor 'ps7_cortexa9_0' is selected.
13:16:56 INFO  : Processor reset is completed for 'ps7_cortexa9_0'.
13:16:56 INFO  : Context for processor 'ps7_cortexa9_0' is selected.
13:16:56 INFO  : The application 'C:/Users/Bakuboys101/Desktop/Jr_Year_Spring/Lab_1/Lab_1.sdk/FullAdder/Debug/FullAdder.elf' is downloaded to processor 'ps7_cortexa9_0'.
13:16:56 INFO  : 'configparams force-mem-access 0' command is executed.
13:16:56 INFO  : ----------------XSDB Script----------------
connect -url tcp:127.0.0.1:3121
source C:/Users/Bakuboys101/Desktop/Jr_Year_Spring/Lab_1/Lab_1.sdk/Lab_1_wrapper_hw_platform_0/ps7_init.tcl
targets -set -filter {jtag_cable_name =~ "Xilinx PYNQ-Z1 003017A8B9E3A" && level==0} -index 1
fpga -file C:/Users/Bakuboys101/Desktop/Jr_Year_Spring/Lab_1/Lab_1.sdk/Lab_1_wrapper_hw_platform_0/Lab_1_wrapper.bit
targets -set -nocase -filter {name =~"APU*" && jtag_cable_name =~ "Xilinx PYNQ-Z1 003017A8B9E3A"} -index 0
loadhw -hw C:/Users/Bakuboys101/Desktop/Jr_Year_Spring/Lab_1/Lab_1.sdk/Lab_1_wrapper_hw_platform_0/system.hdf -mem-ranges [list {0x40000000 0xbfffffff}]
configparams force-mem-access 1
targets -set -nocase -filter {name =~"APU*" && jtag_cable_name =~ "Xilinx PYNQ-Z1 003017A8B9E3A"} -index 0
stop
ps7_init
ps7_post_config
targets -set -nocase -filter {name =~ "ARM*#0" && jtag_cable_name =~ "Xilinx PYNQ-Z1 003017A8B9E3A"} -index 0
rst -processor
targets -set -nocase -filter {name =~ "ARM*#0" && jtag_cable_name =~ "Xilinx PYNQ-Z1 003017A8B9E3A"} -index 0
dow C:/Users/Bakuboys101/Desktop/Jr_Year_Spring/Lab_1/Lab_1.sdk/FullAdder/Debug/FullAdder.elf
configparams force-mem-access 0
----------------End of Script----------------

13:16:56 INFO  : Memory regions updated for context APU
13:16:56 INFO  : Context for processor 'ps7_cortexa9_0' is selected.
13:16:56 INFO  : 'con' command is executed.
13:16:56 INFO  : ----------------XSDB Script (After Launch)----------------
targets -set -nocase -filter {name =~ "ARM*#0" && jtag_cable_name =~ "Xilinx PYNQ-Z1 003017A8B9E3A"} -index 0
con
----------------End of Script----------------

13:16:56 INFO  : Launch script is exported to file 'C:\Users\Bakuboys101\Desktop\Jr_Year_Spring\Lab_1\Lab_1.sdk\.sdk\launch_scripts\xilinx_c-c++_application_(system_debugger)\system_debugger_using_debug_fulladder.elf_on_local.tcl'
13:17:44 INFO  : Disconnected from the channel tcfchan#13.
13:17:45 INFO  : Connected to target on host '127.0.0.1' and port '3121'.
13:17:45 INFO  : Jtag cable 'Xilinx PYNQ-Z1 003017A8B9E3A' is selected.
13:17:45 INFO  : 'jtag frequency' command is executed.
13:17:45 INFO  : Sourcing of 'C:/Users/Bakuboys101/Desktop/Jr_Year_Spring/Lab_1/Lab_1.sdk/Lab_1_wrapper_hw_platform_0/ps7_init.tcl' is done.
13:17:45 INFO  : 'targets -set -filter {jtag_cable_name =~ "Xilinx PYNQ-Z1 003017A8B9E3A" && level==0} -index 1' command is executed.
13:17:48 INFO  : FPGA configured successfully with bitstream "C:/Users/Bakuboys101/Desktop/Jr_Year_Spring/Lab_1/Lab_1.sdk/Lab_1_wrapper_hw_platform_0/Lab_1_wrapper.bit"
13:17:48 INFO  : Context for 'APU' is selected.
13:17:49 INFO  : Hardware design information is loaded from 'C:/Users/Bakuboys101/Desktop/Jr_Year_Spring/Lab_1/Lab_1.sdk/Lab_1_wrapper_hw_platform_0/system.hdf'.
13:17:49 INFO  : 'configparams force-mem-access 1' command is executed.
13:17:49 INFO  : Context for 'APU' is selected.
13:17:49 INFO  : 'stop' command is executed.
13:17:49 INFO  : 'ps7_init' command is executed.
13:17:49 INFO  : 'ps7_post_config' command is executed.
13:17:49 INFO  : Context for processor 'ps7_cortexa9_0' is selected.
13:17:49 INFO  : Processor reset is completed for 'ps7_cortexa9_0'.
13:17:49 INFO  : Context for processor 'ps7_cortexa9_0' is selected.
13:17:50 INFO  : The application 'C:/Users/Bakuboys101/Desktop/Jr_Year_Spring/Lab_1/Lab_1.sdk/FullAdder/Debug/FullAdder.elf' is downloaded to processor 'ps7_cortexa9_0'.
13:17:50 INFO  : 'configparams force-mem-access 0' command is executed.
13:17:50 INFO  : ----------------XSDB Script----------------
connect -url tcp:127.0.0.1:3121
source C:/Users/Bakuboys101/Desktop/Jr_Year_Spring/Lab_1/Lab_1.sdk/Lab_1_wrapper_hw_platform_0/ps7_init.tcl
targets -set -filter {jtag_cable_name =~ "Xilinx PYNQ-Z1 003017A8B9E3A" && level==0} -index 1
fpga -file C:/Users/Bakuboys101/Desktop/Jr_Year_Spring/Lab_1/Lab_1.sdk/Lab_1_wrapper_hw_platform_0/Lab_1_wrapper.bit
targets -set -nocase -filter {name =~"APU*" && jtag_cable_name =~ "Xilinx PYNQ-Z1 003017A8B9E3A"} -index 0
loadhw -hw C:/Users/Bakuboys101/Desktop/Jr_Year_Spring/Lab_1/Lab_1.sdk/Lab_1_wrapper_hw_platform_0/system.hdf -mem-ranges [list {0x40000000 0xbfffffff}]
configparams force-mem-access 1
targets -set -nocase -filter {name =~"APU*" && jtag_cable_name =~ "Xilinx PYNQ-Z1 003017A8B9E3A"} -index 0
stop
ps7_init
ps7_post_config
targets -set -nocase -filter {name =~ "ARM*#0" && jtag_cable_name =~ "Xilinx PYNQ-Z1 003017A8B9E3A"} -index 0
rst -processor
targets -set -nocase -filter {name =~ "ARM*#0" && jtag_cable_name =~ "Xilinx PYNQ-Z1 003017A8B9E3A"} -index 0
dow C:/Users/Bakuboys101/Desktop/Jr_Year_Spring/Lab_1/Lab_1.sdk/FullAdder/Debug/FullAdder.elf
configparams force-mem-access 0
----------------End of Script----------------

13:17:50 INFO  : Memory regions updated for context APU
13:17:50 INFO  : Context for processor 'ps7_cortexa9_0' is selected.
13:17:50 INFO  : 'con' command is executed.
13:17:50 INFO  : ----------------XSDB Script (After Launch)----------------
targets -set -nocase -filter {name =~ "ARM*#0" && jtag_cable_name =~ "Xilinx PYNQ-Z1 003017A8B9E3A"} -index 0
con
----------------End of Script----------------

13:17:50 INFO  : Launch script is exported to file 'C:\Users\Bakuboys101\Desktop\Jr_Year_Spring\Lab_1\Lab_1.sdk\.sdk\launch_scripts\xilinx_c-c++_application_(system_debugger)\system_debugger_using_debug_fulladder.elf_on_local.tcl'
13:18:15 INFO  : Disconnected from the channel tcfchan#14.
