
*** Running vivado
    with args -log Lab_1_FullAdder_0_0.vds -m64 -product Vivado -mode batch -messageDb vivado.pb -notrace -source Lab_1_FullAdder_0_0.tcl


****** Vivado v2018.3 (64-bit)
  **** SW Build 2405991 on Thu Dec  6 23:38:27 MST 2018
  **** IP Build 2404404 on Fri Dec  7 01:43:56 MST 2018
    ** Copyright 1986-2018 Xilinx, Inc. All Rights Reserved.

source Lab_1_FullAdder_0_0.tcl -notrace
INFO: [IP_Flow 19-234] Refreshing IP repositories
INFO: [IP_Flow 19-1700] Loaded user IP repository 'c:/users/bakuboys101/desktop/jr_year_spring/lab_1/lab_1.srcs'.
INFO: [IP_Flow 19-1700] Loaded user IP repository 'c:/Users/Bakuboys101/Desktop/Jr_Year_Spring/Lab_1/ip_repo'.
INFO: [IP_Flow 19-2313] Loaded Vivado IP repository 'C:/Xilinx/Vivado/2018.3/data/ip'.
Command: synth_design -top Lab_1_FullAdder_0_0 -part xc7z020clg400-1 -mode out_of_context
Starting synth_design
Attempting to get a license for feature 'Synthesis' and/or device 'xc7z020'
INFO: [Common 17-349] Got license for feature 'Synthesis' and/or device 'xc7z020'
INFO: Launching helper process for spawning children vivado processes
INFO: Helper process launched with PID 39616 
---------------------------------------------------------------------------------
Starting RTL Elaboration : Time (s): cpu = 00:00:02 ; elapsed = 00:00:02 . Memory (MB): peak = 372.324 ; gain = 101.020
---------------------------------------------------------------------------------
INFO: [Synth 8-638] synthesizing module 'Lab_1_FullAdder_0_0' [c:/Users/Bakuboys101/Desktop/Jr_Year_Spring/Lab_1/Lab_1.srcs/sources_1/bd/Lab_1/ip/Lab_1_FullAdder_0_0/synth/Lab_1_FullAdder_0_0.vhd:66]
	Parameter n bound to: 32 - type: integer 
INFO: [Synth 8-3491] module 'FullAdder' declared at 'c:/Users/Bakuboys101/Desktop/Jr_Year_Spring/Lab_1/Users/Bakuboys101/Desktop/Jr_Year_Spring/Lab_1/Lab_1.srcs/sources_1/imports/FullAdderFiles/FullAdder.vhd:4' bound to instance 'U0' of component 'FullAdder' [c:/Users/Bakuboys101/Desktop/Jr_Year_Spring/Lab_1/Lab_1.srcs/sources_1/bd/Lab_1/ip/Lab_1_FullAdder_0_0/synth/Lab_1_FullAdder_0_0.vhd:90]
INFO: [Synth 8-638] synthesizing module 'FullAdder' [c:/Users/Bakuboys101/Desktop/Jr_Year_Spring/Lab_1/Users/Bakuboys101/Desktop/Jr_Year_Spring/Lab_1/Lab_1.srcs/sources_1/imports/FullAdderFiles/FullAdder.vhd:17]
	Parameter n bound to: 32 - type: integer 
INFO: [Synth 8-3491] module 'FullAdderSubtractor' declared at 'c:/Users/Bakuboys101/Desktop/Jr_Year_Spring/Lab_1/Users/Bakuboys101/Desktop/Jr_Year_Spring/Lab_1/Lab_1.srcs/sources_1/imports/FullAdderFiles/FullAdderSubtractor.vhd:4' bound to instance 'first_adder' of component 'FullAdderSubtractor' [c:/Users/Bakuboys101/Desktop/Jr_Year_Spring/Lab_1/Users/Bakuboys101/Desktop/Jr_Year_Spring/Lab_1/Lab_1.srcs/sources_1/imports/FullAdderFiles/FullAdder.vhd:36]
INFO: [Synth 8-638] synthesizing module 'FullAdderSubtractor' [c:/Users/Bakuboys101/Desktop/Jr_Year_Spring/Lab_1/Users/Bakuboys101/Desktop/Jr_Year_Spring/Lab_1/Lab_1.srcs/sources_1/imports/FullAdderFiles/FullAdderSubtractor.vhd:14]
INFO: [Synth 8-256] done synthesizing module 'FullAdderSubtractor' (1#1) [c:/Users/Bakuboys101/Desktop/Jr_Year_Spring/Lab_1/Users/Bakuboys101/Desktop/Jr_Year_Spring/Lab_1/Lab_1.srcs/sources_1/imports/FullAdderFiles/FullAdderSubtractor.vhd:14]
INFO: [Synth 8-3491] module 'FullAdderSubtractor' declared at 'c:/Users/Bakuboys101/Desktop/Jr_Year_Spring/Lab_1/Users/Bakuboys101/Desktop/Jr_Year_Spring/Lab_1/Lab_1.srcs/sources_1/imports/FullAdderFiles/FullAdderSubtractor.vhd:4' bound to instance 'rest_of_adders' of component 'FullAdderSubtractor' [c:/Users/Bakuboys101/Desktop/Jr_Year_Spring/Lab_1/Users/Bakuboys101/Desktop/Jr_Year_Spring/Lab_1/Lab_1.srcs/sources_1/imports/FullAdderFiles/FullAdder.vhd:46]
INFO: [Synth 8-3491] module 'FullAdderSubtractor' declared at 'c:/Users/Bakuboys101/Desktop/Jr_Year_Spring/Lab_1/Users/Bakuboys101/Desktop/Jr_Year_Spring/Lab_1/Lab_1.srcs/sources_1/imports/FullAdderFiles/FullAdderSubtractor.vhd:4' bound to instance 'rest_of_adders' of component 'FullAdderSubtractor' [c:/Users/Bakuboys101/Desktop/Jr_Year_Spring/Lab_1/Users/Bakuboys101/Desktop/Jr_Year_Spring/Lab_1/Lab_1.srcs/sources_1/imports/FullAdderFiles/FullAdder.vhd:46]
INFO: [Synth 8-3491] module 'FullAdderSubtractor' declared at 'c:/Users/Bakuboys101/Desktop/Jr_Year_Spring/Lab_1/Users/Bakuboys101/Desktop/Jr_Year_Spring/Lab_1/Lab_1.srcs/sources_1/imports/FullAdderFiles/FullAdderSubtractor.vhd:4' bound to instance 'rest_of_adders' of component 'FullAdderSubtractor' [c:/Users/Bakuboys101/Desktop/Jr_Year_Spring/Lab_1/Users/Bakuboys101/Desktop/Jr_Year_Spring/Lab_1/Lab_1.srcs/sources_1/imports/FullAdderFiles/FullAdder.vhd:46]
INFO: [Synth 8-3491] module 'FullAdderSubtractor' declared at 'c:/Users/Bakuboys101/Desktop/Jr_Year_Spring/Lab_1/Users/Bakuboys101/Desktop/Jr_Year_Spring/Lab_1/Lab_1.srcs/sources_1/imports/FullAdderFiles/FullAdderSubtractor.vhd:4' bound to instance 'rest_of_adders' of component 'FullAdderSubtractor' [c:/Users/Bakuboys101/Desktop/Jr_Year_Spring/Lab_1/Users/Bakuboys101/Desktop/Jr_Year_Spring/Lab_1/Lab_1.srcs/sources_1/imports/FullAdderFiles/FullAdder.vhd:46]
INFO: [Synth 8-3491] module 'FullAdderSubtractor' declared at 'c:/Users/Bakuboys101/Desktop/Jr_Year_Spring/Lab_1/Users/Bakuboys101/Desktop/Jr_Year_Spring/Lab_1/Lab_1.srcs/sources_1/imports/FullAdderFiles/FullAdderSubtractor.vhd:4' bound to instance 'rest_of_adders' of component 'FullAdderSubtractor' [c:/Users/Bakuboys101/Desktop/Jr_Year_Spring/Lab_1/Users/Bakuboys101/Desktop/Jr_Year_Spring/Lab_1/Lab_1.srcs/sources_1/imports/FullAdderFiles/FullAdder.vhd:46]
INFO: [Synth 8-3491] module 'FullAdderSubtractor' declared at 'c:/Users/Bakuboys101/Desktop/Jr_Year_Spring/Lab_1/Users/Bakuboys101/Desktop/Jr_Year_Spring/Lab_1/Lab_1.srcs/sources_1/imports/FullAdderFiles/FullAdderSubtractor.vhd:4' bound to instance 'rest_of_adders' of component 'FullAdderSubtractor' [c:/Users/Bakuboys101/Desktop/Jr_Year_Spring/Lab_1/Users/Bakuboys101/Desktop/Jr_Year_Spring/Lab_1/Lab_1.srcs/sources_1/imports/FullAdderFiles/FullAdder.vhd:46]
INFO: [Synth 8-3491] module 'FullAdderSubtractor' declared at 'c:/Users/Bakuboys101/Desktop/Jr_Year_Spring/Lab_1/Users/Bakuboys101/Desktop/Jr_Year_Spring/Lab_1/Lab_1.srcs/sources_1/imports/FullAdderFiles/FullAdderSubtractor.vhd:4' bound to instance 'rest_of_adders' of component 'FullAdderSubtractor' [c:/Users/Bakuboys101/Desktop/Jr_Year_Spring/Lab_1/Users/Bakuboys101/Desktop/Jr_Year_Spring/Lab_1/Lab_1.srcs/sources_1/imports/FullAdderFiles/FullAdder.vhd:46]
INFO: [Synth 8-3491] module 'FullAdderSubtractor' declared at 'c:/Users/Bakuboys101/Desktop/Jr_Year_Spring/Lab_1/Users/Bakuboys101/Desktop/Jr_Year_Spring/Lab_1/Lab_1.srcs/sources_1/imports/FullAdderFiles/FullAdderSubtractor.vhd:4' bound to instance 'rest_of_adders' of component 'FullAdderSubtractor' [c:/Users/Bakuboys101/Desktop/Jr_Year_Spring/Lab_1/Users/Bakuboys101/Desktop/Jr_Year_Spring/Lab_1/Lab_1.srcs/sources_1/imports/FullAdderFiles/FullAdder.vhd:46]
INFO: [Synth 8-3491] module 'FullAdderSubtractor' declared at 'c:/Users/Bakuboys101/Desktop/Jr_Year_Spring/Lab_1/Users/Bakuboys101/Desktop/Jr_Year_Spring/Lab_1/Lab_1.srcs/sources_1/imports/FullAdderFiles/FullAdderSubtractor.vhd:4' bound to instance 'rest_of_adders' of component 'FullAdderSubtractor' [c:/Users/Bakuboys101/Desktop/Jr_Year_Spring/Lab_1/Users/Bakuboys101/Desktop/Jr_Year_Spring/Lab_1/Lab_1.srcs/sources_1/imports/FullAdderFiles/FullAdder.vhd:46]
INFO: [Synth 8-3491] module 'FullAdderSubtractor' declared at 'c:/Users/Bakuboys101/Desktop/Jr_Year_Spring/Lab_1/Users/Bakuboys101/Desktop/Jr_Year_Spring/Lab_1/Lab_1.srcs/sources_1/imports/FullAdderFiles/FullAdderSubtractor.vhd:4' bound to instance 'rest_of_adders' of component 'FullAdderSubtractor' [c:/Users/Bakuboys101/Desktop/Jr_Year_Spring/Lab_1/Users/Bakuboys101/Desktop/Jr_Year_Spring/Lab_1/Lab_1.srcs/sources_1/imports/FullAdderFiles/FullAdder.vhd:46]
INFO: [Synth 8-3491] module 'FullAdderSubtractor' declared at 'c:/Users/Bakuboys101/Desktop/Jr_Year_Spring/Lab_1/Users/Bakuboys101/Desktop/Jr_Year_Spring/Lab_1/Lab_1.srcs/sources_1/imports/FullAdderFiles/FullAdderSubtractor.vhd:4' bound to instance 'rest_of_adders' of component 'FullAdderSubtractor' [c:/Users/Bakuboys101/Desktop/Jr_Year_Spring/Lab_1/Users/Bakuboys101/Desktop/Jr_Year_Spring/Lab_1/Lab_1.srcs/sources_1/imports/FullAdderFiles/FullAdder.vhd:46]
INFO: [Synth 8-3491] module 'FullAdderSubtractor' declared at 'c:/Users/Bakuboys101/Desktop/Jr_Year_Spring/Lab_1/Users/Bakuboys101/Desktop/Jr_Year_Spring/Lab_1/Lab_1.srcs/sources_1/imports/FullAdderFiles/FullAdderSubtractor.vhd:4' bound to instance 'rest_of_adders' of component 'FullAdderSubtractor' [c:/Users/Bakuboys101/Desktop/Jr_Year_Spring/Lab_1/Users/Bakuboys101/Desktop/Jr_Year_Spring/Lab_1/Lab_1.srcs/sources_1/imports/FullAdderFiles/FullAdder.vhd:46]
INFO: [Synth 8-3491] module 'FullAdderSubtractor' declared at 'c:/Users/Bakuboys101/Desktop/Jr_Year_Spring/Lab_1/Users/Bakuboys101/Desktop/Jr_Year_Spring/Lab_1/Lab_1.srcs/sources_1/imports/FullAdderFiles/FullAdderSubtractor.vhd:4' bound to instance 'rest_of_adders' of component 'FullAdderSubtractor' [c:/Users/Bakuboys101/Desktop/Jr_Year_Spring/Lab_1/Users/Bakuboys101/Desktop/Jr_Year_Spring/Lab_1/Lab_1.srcs/sources_1/imports/FullAdderFiles/FullAdder.vhd:46]
INFO: [Synth 8-3491] module 'FullAdderSubtractor' declared at 'c:/Users/Bakuboys101/Desktop/Jr_Year_Spring/Lab_1/Users/Bakuboys101/Desktop/Jr_Year_Spring/Lab_1/Lab_1.srcs/sources_1/imports/FullAdderFiles/FullAdderSubtractor.vhd:4' bound to instance 'rest_of_adders' of component 'FullAdderSubtractor' [c:/Users/Bakuboys101/Desktop/Jr_Year_Spring/Lab_1/Users/Bakuboys101/Desktop/Jr_Year_Spring/Lab_1/Lab_1.srcs/sources_1/imports/FullAdderFiles/FullAdder.vhd:46]
INFO: [Synth 8-3491] module 'FullAdderSubtractor' declared at 'c:/Users/Bakuboys101/Desktop/Jr_Year_Spring/Lab_1/Users/Bakuboys101/Desktop/Jr_Year_Spring/Lab_1/Lab_1.srcs/sources_1/imports/FullAdderFiles/FullAdderSubtractor.vhd:4' bound to instance 'rest_of_adders' of component 'FullAdderSubtractor' [c:/Users/Bakuboys101/Desktop/Jr_Year_Spring/Lab_1/Users/Bakuboys101/Desktop/Jr_Year_Spring/Lab_1/Lab_1.srcs/sources_1/imports/FullAdderFiles/FullAdder.vhd:46]
INFO: [Synth 8-3491] module 'FullAdderSubtractor' declared at 'c:/Users/Bakuboys101/Desktop/Jr_Year_Spring/Lab_1/Users/Bakuboys101/Desktop/Jr_Year_Spring/Lab_1/Lab_1.srcs/sources_1/imports/FullAdderFiles/FullAdderSubtractor.vhd:4' bound to instance 'rest_of_adders' of component 'FullAdderSubtractor' [c:/Users/Bakuboys101/Desktop/Jr_Year_Spring/Lab_1/Users/Bakuboys101/Desktop/Jr_Year_Spring/Lab_1/Lab_1.srcs/sources_1/imports/FullAdderFiles/FullAdder.vhd:46]
INFO: [Synth 8-3491] module 'FullAdderSubtractor' declared at 'c:/Users/Bakuboys101/Desktop/Jr_Year_Spring/Lab_1/Users/Bakuboys101/Desktop/Jr_Year_Spring/Lab_1/Lab_1.srcs/sources_1/imports/FullAdderFiles/FullAdderSubtractor.vhd:4' bound to instance 'rest_of_adders' of component 'FullAdderSubtractor' [c:/Users/Bakuboys101/Desktop/Jr_Year_Spring/Lab_1/Users/Bakuboys101/Desktop/Jr_Year_Spring/Lab_1/Lab_1.srcs/sources_1/imports/FullAdderFiles/FullAdder.vhd:46]
INFO: [Synth 8-3491] module 'FullAdderSubtractor' declared at 'c:/Users/Bakuboys101/Desktop/Jr_Year_Spring/Lab_1/Users/Bakuboys101/Desktop/Jr_Year_Spring/Lab_1/Lab_1.srcs/sources_1/imports/FullAdderFiles/FullAdderSubtractor.vhd:4' bound to instance 'rest_of_adders' of component 'FullAdderSubtractor' [c:/Users/Bakuboys101/Desktop/Jr_Year_Spring/Lab_1/Users/Bakuboys101/Desktop/Jr_Year_Spring/Lab_1/Lab_1.srcs/sources_1/imports/FullAdderFiles/FullAdder.vhd:46]
INFO: [Synth 8-3491] module 'FullAdderSubtractor' declared at 'c:/Users/Bakuboys101/Desktop/Jr_Year_Spring/Lab_1/Users/Bakuboys101/Desktop/Jr_Year_Spring/Lab_1/Lab_1.srcs/sources_1/imports/FullAdderFiles/FullAdderSubtractor.vhd:4' bound to instance 'rest_of_adders' of component 'FullAdderSubtractor' [c:/Users/Bakuboys101/Desktop/Jr_Year_Spring/Lab_1/Users/Bakuboys101/Desktop/Jr_Year_Spring/Lab_1/Lab_1.srcs/sources_1/imports/FullAdderFiles/FullAdder.vhd:46]
INFO: [Synth 8-3491] module 'FullAdderSubtractor' declared at 'c:/Users/Bakuboys101/Desktop/Jr_Year_Spring/Lab_1/Users/Bakuboys101/Desktop/Jr_Year_Spring/Lab_1/Lab_1.srcs/sources_1/imports/FullAdderFiles/FullAdderSubtractor.vhd:4' bound to instance 'rest_of_adders' of component 'FullAdderSubtractor' [c:/Users/Bakuboys101/Desktop/Jr_Year_Spring/Lab_1/Users/Bakuboys101/Desktop/Jr_Year_Spring/Lab_1/Lab_1.srcs/sources_1/imports/FullAdderFiles/FullAdder.vhd:46]
INFO: [Synth 8-3491] module 'FullAdderSubtractor' declared at 'c:/Users/Bakuboys101/Desktop/Jr_Year_Spring/Lab_1/Users/Bakuboys101/Desktop/Jr_Year_Spring/Lab_1/Lab_1.srcs/sources_1/imports/FullAdderFiles/FullAdderSubtractor.vhd:4' bound to instance 'rest_of_adders' of component 'FullAdderSubtractor' [c:/Users/Bakuboys101/Desktop/Jr_Year_Spring/Lab_1/Users/Bakuboys101/Desktop/Jr_Year_Spring/Lab_1/Lab_1.srcs/sources_1/imports/FullAdderFiles/FullAdder.vhd:46]
INFO: [Synth 8-3491] module 'FullAdderSubtractor' declared at 'c:/Users/Bakuboys101/Desktop/Jr_Year_Spring/Lab_1/Users/Bakuboys101/Desktop/Jr_Year_Spring/Lab_1/Lab_1.srcs/sources_1/imports/FullAdderFiles/FullAdderSubtractor.vhd:4' bound to instance 'rest_of_adders' of component 'FullAdderSubtractor' [c:/Users/Bakuboys101/Desktop/Jr_Year_Spring/Lab_1/Users/Bakuboys101/Desktop/Jr_Year_Spring/Lab_1/Lab_1.srcs/sources_1/imports/FullAdderFiles/FullAdder.vhd:46]
INFO: [Synth 8-3491] module 'FullAdderSubtractor' declared at 'c:/Users/Bakuboys101/Desktop/Jr_Year_Spring/Lab_1/Users/Bakuboys101/Desktop/Jr_Year_Spring/Lab_1/Lab_1.srcs/sources_1/imports/FullAdderFiles/FullAdderSubtractor.vhd:4' bound to instance 'rest_of_adders' of component 'FullAdderSubtractor' [c:/Users/Bakuboys101/Desktop/Jr_Year_Spring/Lab_1/Users/Bakuboys101/Desktop/Jr_Year_Spring/Lab_1/Lab_1.srcs/sources_1/imports/FullAdderFiles/FullAdder.vhd:46]
INFO: [Synth 8-3491] module 'FullAdderSubtractor' declared at 'c:/Users/Bakuboys101/Desktop/Jr_Year_Spring/Lab_1/Users/Bakuboys101/Desktop/Jr_Year_Spring/Lab_1/Lab_1.srcs/sources_1/imports/FullAdderFiles/FullAdderSubtractor.vhd:4' bound to instance 'rest_of_adders' of component 'FullAdderSubtractor' [c:/Users/Bakuboys101/Desktop/Jr_Year_Spring/Lab_1/Users/Bakuboys101/Desktop/Jr_Year_Spring/Lab_1/Lab_1.srcs/sources_1/imports/FullAdderFiles/FullAdder.vhd:46]
INFO: [Synth 8-3491] module 'FullAdderSubtractor' declared at 'c:/Users/Bakuboys101/Desktop/Jr_Year_Spring/Lab_1/Users/Bakuboys101/Desktop/Jr_Year_Spring/Lab_1/Lab_1.srcs/sources_1/imports/FullAdderFiles/FullAdderSubtractor.vhd:4' bound to instance 'rest_of_adders' of component 'FullAdderSubtractor' [c:/Users/Bakuboys101/Desktop/Jr_Year_Spring/Lab_1/Users/Bakuboys101/Desktop/Jr_Year_Spring/Lab_1/Lab_1.srcs/sources_1/imports/FullAdderFiles/FullAdder.vhd:46]
INFO: [Synth 8-3491] module 'FullAdderSubtractor' declared at 'c:/Users/Bakuboys101/Desktop/Jr_Year_Spring/Lab_1/Users/Bakuboys101/Desktop/Jr_Year_Spring/Lab_1/Lab_1.srcs/sources_1/imports/FullAdderFiles/FullAdderSubtractor.vhd:4' bound to instance 'rest_of_adders' of component 'FullAdderSubtractor' [c:/Users/Bakuboys101/Desktop/Jr_Year_Spring/Lab_1/Users/Bakuboys101/Desktop/Jr_Year_Spring/Lab_1/Lab_1.srcs/sources_1/imports/FullAdderFiles/FullAdder.vhd:46]
INFO: [Synth 8-3491] module 'FullAdderSubtractor' declared at 'c:/Users/Bakuboys101/Desktop/Jr_Year_Spring/Lab_1/Users/Bakuboys101/Desktop/Jr_Year_Spring/Lab_1/Lab_1.srcs/sources_1/imports/FullAdderFiles/FullAdderSubtractor.vhd:4' bound to instance 'rest_of_adders' of component 'FullAdderSubtractor' [c:/Users/Bakuboys101/Desktop/Jr_Year_Spring/Lab_1/Users/Bakuboys101/Desktop/Jr_Year_Spring/Lab_1/Lab_1.srcs/sources_1/imports/FullAdderFiles/FullAdder.vhd:46]
INFO: [Synth 8-3491] module 'FullAdderSubtractor' declared at 'c:/Users/Bakuboys101/Desktop/Jr_Year_Spring/Lab_1/Users/Bakuboys101/Desktop/Jr_Year_Spring/Lab_1/Lab_1.srcs/sources_1/imports/FullAdderFiles/FullAdderSubtractor.vhd:4' bound to instance 'rest_of_adders' of component 'FullAdderSubtractor' [c:/Users/Bakuboys101/Desktop/Jr_Year_Spring/Lab_1/Users/Bakuboys101/Desktop/Jr_Year_Spring/Lab_1/Lab_1.srcs/sources_1/imports/FullAdderFiles/FullAdder.vhd:46]
INFO: [Synth 8-3491] module 'FullAdderSubtractor' declared at 'c:/Users/Bakuboys101/Desktop/Jr_Year_Spring/Lab_1/Users/Bakuboys101/Desktop/Jr_Year_Spring/Lab_1/Lab_1.srcs/sources_1/imports/FullAdderFiles/FullAdderSubtractor.vhd:4' bound to instance 'rest_of_adders' of component 'FullAdderSubtractor' [c:/Users/Bakuboys101/Desktop/Jr_Year_Spring/Lab_1/Users/Bakuboys101/Desktop/Jr_Year_Spring/Lab_1/Lab_1.srcs/sources_1/imports/FullAdderFiles/FullAdder.vhd:46]
INFO: [Synth 8-3491] module 'FullAdderSubtractor' declared at 'c:/Users/Bakuboys101/Desktop/Jr_Year_Spring/Lab_1/Users/Bakuboys101/Desktop/Jr_Year_Spring/Lab_1/Lab_1.srcs/sources_1/imports/FullAdderFiles/FullAdderSubtractor.vhd:4' bound to instance 'rest_of_adders' of component 'FullAdderSubtractor' [c:/Users/Bakuboys101/Desktop/Jr_Year_Spring/Lab_1/Users/Bakuboys101/Desktop/Jr_Year_Spring/Lab_1/Lab_1.srcs/sources_1/imports/FullAdderFiles/FullAdder.vhd:46]
INFO: [Synth 8-3491] module 'FullAdderSubtractor' declared at 'c:/Users/Bakuboys101/Desktop/Jr_Year_Spring/Lab_1/Users/Bakuboys101/Desktop/Jr_Year_Spring/Lab_1/Lab_1.srcs/sources_1/imports/FullAdderFiles/FullAdderSubtractor.vhd:4' bound to instance 'rest_of_adders' of component 'FullAdderSubtractor' [c:/Users/Bakuboys101/Desktop/Jr_Year_Spring/Lab_1/Users/Bakuboys101/Desktop/Jr_Year_Spring/Lab_1/Lab_1.srcs/sources_1/imports/FullAdderFiles/FullAdder.vhd:46]
INFO: [Synth 8-256] done synthesizing module 'FullAdder' (2#1) [c:/Users/Bakuboys101/Desktop/Jr_Year_Spring/Lab_1/Users/Bakuboys101/Desktop/Jr_Year_Spring/Lab_1/Lab_1.srcs/sources_1/imports/FullAdderFiles/FullAdder.vhd:17]
INFO: [Synth 8-256] done synthesizing module 'Lab_1_FullAdder_0_0' (3#1) [c:/Users/Bakuboys101/Desktop/Jr_Year_Spring/Lab_1/Lab_1.srcs/sources_1/bd/Lab_1/ip/Lab_1_FullAdder_0_0/synth/Lab_1_FullAdder_0_0.vhd:66]
---------------------------------------------------------------------------------
Finished RTL Elaboration : Time (s): cpu = 00:00:03 ; elapsed = 00:00:03 . Memory (MB): peak = 428.352 ; gain = 157.047
---------------------------------------------------------------------------------

Report Check Netlist: 
+------+------------------+-------+---------+-------+------------------+
|      |Item              |Errors |Warnings |Status |Description       |
+------+------------------+-------+---------+-------+------------------+
|1     |multi_driven_nets |      0|        0|Passed |Multi driven nets |
+------+------------------+-------+---------+-------+------------------+
---------------------------------------------------------------------------------
Start Handling Custom Attributes
---------------------------------------------------------------------------------
---------------------------------------------------------------------------------
Finished Handling Custom Attributes : Time (s): cpu = 00:00:03 ; elapsed = 00:00:03 . Memory (MB): peak = 428.352 ; gain = 157.047
---------------------------------------------------------------------------------
---------------------------------------------------------------------------------
Finished RTL Optimization Phase 1 : Time (s): cpu = 00:00:03 ; elapsed = 00:00:03 . Memory (MB): peak = 428.352 ; gain = 157.047
---------------------------------------------------------------------------------
INFO: [Device 21-403] Loading part xc7z020clg400-1
INFO: [Project 1-570] Preparing netlist for logic optimization

Processing XDC Constraints
Initializing timing engine
Completed Processing XDC Constraints

Netlist sorting complete. Time (s): cpu = 00:00:00 ; elapsed = 00:00:00.001 . Memory (MB): peak = 771.293 ; gain = 0.000
INFO: [Project 1-111] Unisim Transformation Summary:
No Unisim elements were transformed.

Netlist sorting complete. Time (s): cpu = 00:00:00 ; elapsed = 00:00:00 . Memory (MB): peak = 771.293 ; gain = 0.000
WARNING: [Constraints 18-5210] No constraints selected for write.
Resolution: This message can indicate that there are no constraints for the design, or it can indicate that the used_in flags are set such that the constraints are ignored. This later case is used when running synth_design to not write synthesis constraints to the resulting checkpoint. Instead, project constraints are read when the synthesized design is opened.
Constraint Validation Runtime : Time (s): cpu = 00:00:00 ; elapsed = 00:00:00.038 . Memory (MB): peak = 772.840 ; gain = 1.547
---------------------------------------------------------------------------------
Finished Constraint Validation : Time (s): cpu = 00:00:08 ; elapsed = 00:00:09 . Memory (MB): peak = 772.840 ; gain = 501.535
---------------------------------------------------------------------------------
---------------------------------------------------------------------------------
Start Loading Part and Timing Information
---------------------------------------------------------------------------------
Loading part: xc7z020clg400-1
---------------------------------------------------------------------------------
Finished Loading Part and Timing Information : Time (s): cpu = 00:00:08 ; elapsed = 00:00:09 . Memory (MB): peak = 772.840 ; gain = 501.535
---------------------------------------------------------------------------------
---------------------------------------------------------------------------------
Start Applying 'set_property' XDC Constraints
---------------------------------------------------------------------------------
---------------------------------------------------------------------------------
Finished applying 'set_property' XDC Constraints : Time (s): cpu = 00:00:08 ; elapsed = 00:00:09 . Memory (MB): peak = 772.840 ; gain = 501.535
---------------------------------------------------------------------------------
---------------------------------------------------------------------------------
Finished RTL Optimization Phase 2 : Time (s): cpu = 00:00:08 ; elapsed = 00:00:09 . Memory (MB): peak = 772.840 ; gain = 501.535
---------------------------------------------------------------------------------

Report RTL Partitions: 
+-+--------------+------------+----------+
| |RTL Partition |Replication |Instances |
+-+--------------+------------+----------+
+-+--------------+------------+----------+
---------------------------------------------------------------------------------
Start RTL Component Statistics 
---------------------------------------------------------------------------------
Detailed RTL Component Info : 
+---XORs : 
	   3 Input      1 Bit         XORs := 32    
	   2 Input      1 Bit         XORs := 32    
---------------------------------------------------------------------------------
Finished RTL Component Statistics 
---------------------------------------------------------------------------------
---------------------------------------------------------------------------------
Start RTL Hierarchical Component Statistics 
---------------------------------------------------------------------------------
Hierarchical RTL Component report 
Module FullAdderSubtractor 
Detailed RTL Component Info : 
+---XORs : 
	   3 Input      1 Bit         XORs := 1     
Module FullAdder 
Detailed RTL Component Info : 
+---XORs : 
	   2 Input      1 Bit         XORs := 32    
---------------------------------------------------------------------------------
Finished RTL Hierarchical Component Statistics
---------------------------------------------------------------------------------
---------------------------------------------------------------------------------
Start Part Resource Summary
---------------------------------------------------------------------------------
Part Resources:
DSPs: 220 (col length:60)
BRAMs: 280 (col length: RAMB18 60 RAMB36 30)
---------------------------------------------------------------------------------
Finished Part Resource Summary
---------------------------------------------------------------------------------
---------------------------------------------------------------------------------
Start Cross Boundary and Area Optimization
---------------------------------------------------------------------------------
Warning: Parallel synthesis criteria is not met 
---------------------------------------------------------------------------------
Finished Cross Boundary and Area Optimization : Time (s): cpu = 00:00:09 ; elapsed = 00:00:10 . Memory (MB): peak = 772.840 ; gain = 501.535
---------------------------------------------------------------------------------

Report RTL Partitions: 
+-+--------------+------------+----------+
| |RTL Partition |Replication |Instances |
+-+--------------+------------+----------+
+-+--------------+------------+----------+
---------------------------------------------------------------------------------
Start Applying XDC Timing Constraints
---------------------------------------------------------------------------------
---------------------------------------------------------------------------------
Finished Applying XDC Timing Constraints : Time (s): cpu = 00:00:15 ; elapsed = 00:00:15 . Memory (MB): peak = 772.840 ; gain = 501.535
---------------------------------------------------------------------------------
---------------------------------------------------------------------------------
Start Timing Optimization
---------------------------------------------------------------------------------
---------------------------------------------------------------------------------
Finished Timing Optimization : Time (s): cpu = 00:00:15 ; elapsed = 00:00:16 . Memory (MB): peak = 772.840 ; gain = 501.535
---------------------------------------------------------------------------------

Report RTL Partitions: 
+-+--------------+------------+----------+
| |RTL Partition |Replication |Instances |
+-+--------------+------------+----------+
+-+--------------+------------+----------+
---------------------------------------------------------------------------------
Start Technology Mapping
---------------------------------------------------------------------------------
---------------------------------------------------------------------------------
Finished Technology Mapping : Time (s): cpu = 00:00:15 ; elapsed = 00:00:16 . Memory (MB): peak = 779.645 ; gain = 508.340
---------------------------------------------------------------------------------

Report RTL Partitions: 
+-+--------------+------------+----------+
| |RTL Partition |Replication |Instances |
+-+--------------+------------+----------+
+-+--------------+------------+----------+
---------------------------------------------------------------------------------
Start IO Insertion
---------------------------------------------------------------------------------
---------------------------------------------------------------------------------
Start Flattening Before IO Insertion
---------------------------------------------------------------------------------
---------------------------------------------------------------------------------
Finished Flattening Before IO Insertion
---------------------------------------------------------------------------------
---------------------------------------------------------------------------------
Start Final Netlist Cleanup
---------------------------------------------------------------------------------
---------------------------------------------------------------------------------
Finished Final Netlist Cleanup
---------------------------------------------------------------------------------
---------------------------------------------------------------------------------
Finished IO Insertion : Time (s): cpu = 00:00:15 ; elapsed = 00:00:16 . Memory (MB): peak = 779.645 ; gain = 508.340
---------------------------------------------------------------------------------

Report Check Netlist: 
+------+------------------+-------+---------+-------+------------------+
|      |Item              |Errors |Warnings |Status |Description       |
+------+------------------+-------+---------+-------+------------------+
|1     |multi_driven_nets |      0|        0|Passed |Multi driven nets |
+------+------------------+-------+---------+-------+------------------+
---------------------------------------------------------------------------------
Start Renaming Generated Instances
---------------------------------------------------------------------------------
---------------------------------------------------------------------------------
Finished Renaming Generated Instances : Time (s): cpu = 00:00:15 ; elapsed = 00:00:16 . Memory (MB): peak = 779.645 ; gain = 508.340
---------------------------------------------------------------------------------

Report RTL Partitions: 
+-+--------------+------------+----------+
| |RTL Partition |Replication |Instances |
+-+--------------+------------+----------+
+-+--------------+------------+----------+
---------------------------------------------------------------------------------
Start Rebuilding User Hierarchy
---------------------------------------------------------------------------------
---------------------------------------------------------------------------------
Finished Rebuilding User Hierarchy : Time (s): cpu = 00:00:15 ; elapsed = 00:00:16 . Memory (MB): peak = 779.645 ; gain = 508.340
---------------------------------------------------------------------------------
---------------------------------------------------------------------------------
Start Renaming Generated Ports
---------------------------------------------------------------------------------
---------------------------------------------------------------------------------
Finished Renaming Generated Ports : Time (s): cpu = 00:00:15 ; elapsed = 00:00:16 . Memory (MB): peak = 779.645 ; gain = 508.340
---------------------------------------------------------------------------------
---------------------------------------------------------------------------------
Start Handling Custom Attributes
---------------------------------------------------------------------------------
---------------------------------------------------------------------------------
Finished Handling Custom Attributes : Time (s): cpu = 00:00:15 ; elapsed = 00:00:16 . Memory (MB): peak = 779.645 ; gain = 508.340
---------------------------------------------------------------------------------
---------------------------------------------------------------------------------
Start Renaming Generated Nets
---------------------------------------------------------------------------------
---------------------------------------------------------------------------------
Finished Renaming Generated Nets : Time (s): cpu = 00:00:15 ; elapsed = 00:00:16 . Memory (MB): peak = 779.645 ; gain = 508.340
---------------------------------------------------------------------------------
---------------------------------------------------------------------------------
Start Writing Synthesis Report
---------------------------------------------------------------------------------

Report BlackBoxes: 
+-+--------------+----------+
| |BlackBox name |Instances |
+-+--------------+----------+
+-+--------------+----------+

Report Cell Usage: 
+------+-----+------+
|      |Cell |Count |
+------+-----+------+
|1     |LUT2 |     1|
|2     |LUT4 |    15|
|3     |LUT5 |     2|
|4     |LUT6 |    30|
+------+-----+------+

Report Instance Areas: 
+------+---------+-------+------+
|      |Instance |Module |Cells |
+------+---------+-------+------+
|1     |top      |       |    48|
+------+---------+-------+------+
---------------------------------------------------------------------------------
Finished Writing Synthesis Report : Time (s): cpu = 00:00:15 ; elapsed = 00:00:16 . Memory (MB): peak = 779.645 ; gain = 508.340
---------------------------------------------------------------------------------
Synthesis finished with 0 errors, 0 critical warnings and 0 warnings.
Synthesis Optimization Runtime : Time (s): cpu = 00:00:09 ; elapsed = 00:00:12 . Memory (MB): peak = 779.645 ; gain = 163.852
Synthesis Optimization Complete : Time (s): cpu = 00:00:16 ; elapsed = 00:00:16 . Memory (MB): peak = 779.645 ; gain = 508.340
INFO: [Project 1-571] Translating synthesized netlist
INFO: [Project 1-570] Preparing netlist for logic optimization
INFO: [Opt 31-138] Pushed 0 inverter(s) to 0 load pin(s).
Netlist sorting complete. Time (s): cpu = 00:00:00 ; elapsed = 00:00:00 . Memory (MB): peak = 788.559 ; gain = 0.000
INFO: [Project 1-111] Unisim Transformation Summary:
No Unisim elements were transformed.

INFO: [Common 17-83] Releasing license: Synthesis
52 Infos, 1 Warnings, 0 Critical Warnings and 0 Errors encountered.
synth_design completed successfully
synth_design: Time (s): cpu = 00:00:17 ; elapsed = 00:00:18 . Memory (MB): peak = 788.629 ; gain = 523.832
Netlist sorting complete. Time (s): cpu = 00:00:00 ; elapsed = 00:00:00 . Memory (MB): peak = 788.629 ; gain = 0.000
WARNING: [Constraints 18-5210] No constraints selected for write.
Resolution: This message can indicate that there are no constraints for the design, or it can indicate that the used_in flags are set such that the constraints are ignored. This later case is used when running synth_design to not write synthesis constraints to the resulting checkpoint. Instead, project constraints are read when the synthesized design is opened.
INFO: [Common 17-1381] The checkpoint 'C:/Users/Bakuboys101/Desktop/Jr_Year_Spring/Lab_1/Lab_1.runs/Lab_1_FullAdder_0_0_synth_1/Lab_1_FullAdder_0_0.dcp' has been generated.
INFO: [Coretcl 2-1648] Added synthesis output to IP cache for IP Lab_1_FullAdder_0_0, cache-ID = 0dd87f873addc59d
Netlist sorting complete. Time (s): cpu = 00:00:00 ; elapsed = 00:00:00 . Memory (MB): peak = 793.004 ; gain = 0.000
WARNING: [Constraints 18-5210] No constraints selected for write.
Resolution: This message can indicate that there are no constraints for the design, or it can indicate that the used_in flags are set such that the constraints are ignored. This later case is used when running synth_design to not write synthesis constraints to the resulting checkpoint. Instead, project constraints are read when the synthesized design is opened.
INFO: [Common 17-1381] The checkpoint 'C:/Users/Bakuboys101/Desktop/Jr_Year_Spring/Lab_1/Lab_1.runs/Lab_1_FullAdder_0_0_synth_1/Lab_1_FullAdder_0_0.dcp' has been generated.
INFO: [runtcl-4] Executing : report_utilization -file Lab_1_FullAdder_0_0_utilization_synth.rpt -pb Lab_1_FullAdder_0_0_utilization_synth.pb
INFO: [Common 17-206] Exiting Vivado at Wed Jan 26 12:23:11 2022...
