#-----------------------------------------------------------
# Vivado v2018.3 (64-bit)
# SW Build 2405991 on Thu Dec  6 23:38:27 MST 2018
# IP Build 2404404 on Fri Dec  7 01:43:56 MST 2018
# Start of session at: Sat Feb  5 23:44:06 2022
# Process ID: 16508
# Current directory: C:/Users/Bakuboys101/Desktop/Jr_Year_Spring/ECE_1195/Lab_2
# Command line: vivado.exe -gui_launcher_event rodinguilauncherevent38792 C:\Users\Bakuboys101\Desktop\Jr_Year_Spring\ECE_1195\Lab_2\Lab_2.xpr
# Log file: C:/Users/Bakuboys101/Desktop/Jr_Year_Spring/ECE_1195/Lab_2/vivado.log
# Journal file: C:/Users/Bakuboys101/Desktop/Jr_Year_Spring/ECE_1195/Lab_2\vivado.jou
#-----------------------------------------------------------
start_gui
open_project C:/Users/Bakuboys101/Desktop/Jr_Year_Spring/ECE_1195/Lab_2/Lab_2.xpr
Scanning sources...
Finished scanning sources
INFO: [IP_Flow 19-234] Refreshing IP repositories
INFO: [IP_Flow 19-1700] Loaded user IP repository 'c:/Users/Bakuboys101/Desktop/Jr_Year_Spring/ECE_1195/Lab_2/Arith_Unit'.
INFO: [IP_Flow 19-2313] Loaded Vivado IP repository 'C:/Xilinx/Vivado/2018.3/data/ip'.
update_compile_order -fileset sources_1
close [ open C:/Users/Bakuboys101/Desktop/Jr_Year_Spring/ECE_1195/Lab_2/Lab_2.srcs/sources_1/new/ShifterUnit.vhd w ]
add_files C:/Users/Bakuboys101/Desktop/Jr_Year_Spring/ECE_1195/Lab_2/Lab_2.srcs/sources_1/new/ShifterUnit.vhd
update_compile_order -fileset sources_1
set_property top ShifterUnit [current_fileset]
update_compile_order -fileset sources_1
set_property SOURCE_SET sources_1 [get_filesets sim_1]
close [ open C:/Users/Bakuboys101/Desktop/Jr_Year_Spring/ECE_1195/Lab_2/Lab_2.srcs/sim_1/new/ShifterUnit_tb.vhd w ]
add_files -fileset sim_1 C:/Users/Bakuboys101/Desktop/Jr_Year_Spring/ECE_1195/Lab_2/Lab_2.srcs/sim_1/new/ShifterUnit_tb.vhd
update_compile_order -fileset sim_1
set_property top ShifterUnit_tb [get_filesets sim_1]
set_property top_lib xil_defaultlib [get_filesets sim_1]
update_compile_order -fileset sim_1
update_compile_order -fileset sim_1
update_compile_order -fileset sim_1
exit
INFO: [Common 17-206] Exiting Vivado at Sun Feb  6 00:48:38 2022...
