#-----------------------------------------------------------
# Vivado v2018.3 (64-bit)
# SW Build 2405991 on Thu Dec  6 23:38:27 MST 2018
# IP Build 2404404 on Fri Dec  7 01:43:56 MST 2018
# Start of session at: Fri Feb  4 17:35:15 2022
# Process ID: 32460
# Current directory: C:/Users/Bakuboys101/Desktop/Jr_Year_Spring/ECE_1195/Lab_1
# Command line: vivado.exe -gui_launcher_event rodinguilauncherevent23388 C:\Users\Bakuboys101\Desktop\Jr_Year_Spring\ECE_1195\Lab_1\Lab_1.xpr
# Log file: C:/Users/Bakuboys101/Desktop/Jr_Year_Spring/ECE_1195/Lab_1/vivado.log
# Journal file: C:/Users/Bakuboys101/Desktop/Jr_Year_Spring/ECE_1195/Lab_1\vivado.jou
#-----------------------------------------------------------
start_gui
open_project C:/Users/Bakuboys101/Desktop/Jr_Year_Spring/ECE_1195/Lab_1/Lab_1.xpr
INFO: [Project 1-313] Project file moved from 'C:/Users/Bakuboys101/Desktop/Jr_Year_Spring/Lab_1' since last save.
Scanning sources...
Finished scanning sources
INFO: [IP_Flow 19-234] Refreshing IP repositories
INFO: [IP_Flow 19-1700] Loaded user IP repository 'c:/Users/Bakuboys101/Desktop/Jr_Year_Spring/ECE_1195/Lab_1/Lab_1.srcs'.
INFO: [IP_Flow 19-1700] Loaded user IP repository 'c:/Users/Bakuboys101/Desktop/Jr_Year_Spring/ECE_1195/Lab_1/ip_repo'.
INFO: [IP_Flow 19-2313] Loaded Vivado IP repository 'C:/Xilinx/Vivado/2018.3/data/ip'.
update_compile_order -fileset sources_1
exit
INFO: [Common 17-206] Exiting Vivado at Fri Feb  4 22:36:01 2022...
